{"/home/travis/build/npmtest/node-npmtest-qiniu/test.js":{"path":"/home/travis/build/npmtest/node-npmtest-qiniu/test.js","s":{"1":2,"2":2,"3":2,"4":2,"5":2,"6":2,"7":2,"8":1,"9":2,"10":2,"11":1,"12":1,"13":1,"14":1,"15":2,"16":2,"17":2,"18":2,"19":1,"20":1,"21":2,"22":2,"23":2,"24":1,"25":1,"26":1,"27":1,"28":1,"29":1,"30":1,"31":1,"32":1,"33":1,"34":1,"35":1,"36":1,"37":1,"38":1,"39":2,"40":2,"41":1,"42":2,"43":2,"44":1,"45":2,"46":2,"47":1,"48":2,"49":2,"50":1,"51":1,"52":1,"53":1,"54":1},"b":{"1":[2,1,1,1],"2":[1,1,1,1],"3":[1,1],"4":[1,1],"5":[1,1],"6":[1,1],"7":[1,1],"8":[1,1],"9":[1,1],"10":[1,1,1],"11":[1,1],"12":[1,1],"13":[1,1],"14":[1,1],"15":[1,1],"16":[1,1],"17":[1,1]},"f":{"1":2,"2":2,"3":2,"4":2,"5":2,"6":1,"7":1,"8":1,"9":2,"10":2,"11":2,"12":2,"13":1},"fnMap":{"1":{"name":"(anonymous_1)","line":12,"loc":{"start":{"line":12,"column":1},"end":{"line":12,"column":13}}},"2":{"name":"(anonymous_2)","line":19,"loc":{"start":{"line":19,"column":5},"end":{"line":19,"column":17}}},"3":{"name":"(anonymous_3)","line":23,"loc":{"start":{"line":23,"column":24},"end":{"line":23,"column":36}}},"4":{"name":"(anonymous_4)","line":61,"loc":{"start":{"line":61,"column":5},"end":{"line":61,"column":17}}},"5":{"name":"(anonymous_5)","line":82,"loc":{"start":{"line":82,"column":5},"end":{"line":82,"column":17}}},"6":{"name":"(anonymous_6)","line":91,"loc":{"start":{"line":91,"column":77},"end":{"line":94,"column":10}}},"7":{"name":"(anonymous_7)","line":112,"loc":{"start":{"line":112,"column":83},"end":{"line":115,"column":10}},"skip":true},"8":{"name":"(anonymous_8)","line":123,"loc":{"start":{"line":123,"column":77},"end":{"line":126,"column":10}},"skip":true},"9":{"name":"(anonymous_9)","line":139,"loc":{"start":{"line":139,"column":12},"end":{"line":139,"column":40}},"skip":true},"10":{"name":"(anonymous_10)","line":147,"loc":{"start":{"line":147,"column":77},"end":{"line":150,"column":10}},"skip":true},"11":{"name":"(anonymous_11)","line":158,"loc":{"start":{"line":158,"column":83},"end":{"line":161,"column":10}},"skip":true},"12":{"name":"(anonymous_12)","line":169,"loc":{"start":{"line":169,"column":79},"end":{"line":172,"column":10}},"skip":true},"13":{"name":"(anonymous_13)","line":180,"loc":{"start":{"line":180,"column":75},"end":{"line":183,"column":10}},"skip":true}},"statementMap":{"1":{"start":{"line":12,"column":0},"end":{"line":195,"column":5}},"2":{"start":{"line":14,"column":4},"end":{"line":14,"column":14}},"3":{"start":{"line":19,"column":4},"end":{"line":56,"column":9}},"4":{"start":{"line":21,"column":8},"end":{"line":21,"column":19}},"5":{"start":{"line":23,"column":8},"end":{"line":35,"column":13}},"6":{"start":{"line":24,"column":12},"end":{"line":34,"column":13}},"7":{"start":{"line":25,"column":16},"end":{"line":28,"column":30}},"8":{"start":{"line":30,"column":16},"end":{"line":33,"column":27}},"9":{"start":{"line":37,"column":8},"end":{"line":39,"column":21}},"10":{"start":{"line":40,"column":8},"end":{"line":53,"column":9}},"11":{"start":{"line":43,"column":12},"end":{"line":46,"column":14}},"12":{"start":{"line":47,"column":12},"end":{"line":47,"column":18}},"13":{"start":{"line":50,"column":12},"end":{"line":51,"column":33}},"14":{"start":{"line":52,"column":12},"end":{"line":52,"column":18}},"15":{"start":{"line":55,"column":8},"end":{"line":55,"column":35}},"16":{"start":{"line":61,"column":4},"end":{"line":63,"column":9}},"17":{"start":{"line":62,"column":8},"end":{"line":62,"column":15}},"18":{"start":{"line":64,"column":4},"end":{"line":77,"column":5}},"19":{"start":{"line":70,"column":8},"end":{"line":70,"column":14}},"20":{"start":{"line":76,"column":8},"end":{"line":76,"column":14}},"21":{"start":{"line":82,"column":4},"end":{"line":84,"column":9}},"22":{"start":{"line":83,"column":8},"end":{"line":83,"column":15}},"23":{"start":{"line":85,"column":4},"end":{"line":194,"column":5}},"24":{"start":{"line":91,"column":8},"end":{"line":99,"column":10}},"25":{"start":{"line":98,"column":12},"end":{"line":98,"column":35}},"26":{"start":{"line":102,"column":8},"end":{"line":104,"column":63}},"27":{"start":{"line":105,"column":8},"end":{"line":105,"column":14}},"28":{"start":{"line":112,"column":8},"end":{"line":121,"column":10},"skip":true},"29":{"start":{"line":119,"column":12},"end":{"line":119,"column":55},"skip":true},"30":{"start":{"line":120,"column":12},"end":{"line":120,"column":48},"skip":true},"31":{"start":{"line":123,"column":8},"end":{"line":136,"column":10},"skip":true},"32":{"start":{"line":130,"column":12},"end":{"line":130,"column":76},"skip":true},"33":{"start":{"line":131,"column":12},"end":{"line":131,"column":73},"skip":true},"34":{"start":{"line":132,"column":12},"end":{"line":132,"column":74},"skip":true},"35":{"start":{"line":133,"column":12},"end":{"line":133,"column":79},"skip":true},"36":{"start":{"line":134,"column":12},"end":{"line":134,"column":25},"skip":true},"37":{"start":{"line":135,"column":12},"end":{"line":135,"column":45},"skip":true},"38":{"start":{"line":138,"column":8},"end":{"line":145,"column":14},"skip":true},"39":{"start":{"line":143,"column":16},"end":{"line":143,"column":29},"skip":true},"40":{"start":{"line":144,"column":16},"end":{"line":144,"column":55},"skip":true},"41":{"start":{"line":147,"column":8},"end":{"line":156,"column":10},"skip":true},"42":{"start":{"line":154,"column":12},"end":{"line":154,"column":25},"skip":true},"43":{"start":{"line":155,"column":12},"end":{"line":155,"column":45},"skip":true},"44":{"start":{"line":158,"column":8},"end":{"line":167,"column":10},"skip":true},"45":{"start":{"line":165,"column":12},"end":{"line":165,"column":25},"skip":true},"46":{"start":{"line":166,"column":12},"end":{"line":166,"column":48},"skip":true},"47":{"start":{"line":169,"column":8},"end":{"line":178,"column":10},"skip":true},"48":{"start":{"line":176,"column":12},"end":{"line":176,"column":25},"skip":true},"49":{"start":{"line":177,"column":12},"end":{"line":177,"column":46},"skip":true},"50":{"start":{"line":180,"column":8},"end":{"line":189,"column":10},"skip":true},"51":{"start":{"line":187,"column":12},"end":{"line":187,"column":94},"skip":true},"52":{"start":{"line":188,"column":12},"end":{"line":188,"column":48},"skip":true},"53":{"start":{"line":192,"column":8},"end":{"line":192,"column":35},"skip":true},"54":{"start":{"line":193,"column":8},"end":{"line":193,"column":14},"skip":true}},"branchMap":{"1":{"line":25,"type":"binary-expr","locations":[{"start":{"line":25,"column":23},"end":{"line":25,"column":62}},{"start":{"line":26,"column":20},"end":{"line":26,"column":70}},{"start":{"line":27,"column":20},"end":{"line":27,"column":71}},{"start":{"line":28,"column":20},"end":{"line":28,"column":29}}]},"2":{"line":30,"type":"binary-expr","locations":[{"start":{"line":30,"column":23},"end":{"line":30,"column":37}},{"start":{"line":31,"column":20},"end":{"line":31,"column":61}},{"start":{"line":32,"column":20},"end":{"line":32,"column":70}},{"start":{"line":33,"column":20},"end":{"line":33,"column":26}}]},"3":{"line":37,"type":"cond-expr","locations":[{"start":{"line":38,"column":14},"end":{"line":38,"column":20}},{"start":{"line":39,"column":14},"end":{"line":39,"column":20}}]},"4":{"line":40,"type":"switch","locations":[{"start":{"line":42,"column":8},"end":{"line":47,"column":18}},{"start":{"line":49,"column":8},"end":{"line":52,"column":18}}]},"5":{"line":44,"type":"binary-expr","locations":[{"start":{"line":44,"column":16},"end":{"line":44,"column":44}},{"start":{"line":44,"column":48},"end":{"line":44,"column":66}}]},"6":{"line":50,"type":"binary-expr","locations":[{"start":{"line":50,"column":21},"end":{"line":50,"column":49}},{"start":{"line":50,"column":53},"end":{"line":50,"column":72}}]},"7":{"line":64,"type":"switch","locations":[{"start":{"line":69,"column":4},"end":{"line":70,"column":14}},{"start":{"line":75,"column":4},"end":{"line":76,"column":14}}]},"8":{"line":85,"type":"switch","locations":[{"start":{"line":90,"column":4},"end":{"line":105,"column":14}},{"start":{"line":111,"column":4},"end":{"line":193,"column":14},"skip":true}]},"9":{"line":91,"type":"binary-expr","locations":[{"start":{"line":91,"column":42},"end":{"line":91,"column":73}},{"start":{"line":91,"column":77},"end":{"line":99,"column":9}}]},"10":{"line":102,"type":"binary-expr","locations":[{"start":{"line":102,"column":18},"end":{"line":102,"column":32}},{"start":{"line":103,"column":12},"end":{"line":103,"column":53}},{"start":{"line":104,"column":12},"end":{"line":104,"column":61}}]},"11":{"line":112,"type":"binary-expr","locations":[{"start":{"line":112,"column":45},"end":{"line":112,"column":79},"skip":true},{"start":{"line":112,"column":83},"end":{"line":121,"column":9},"skip":true}]},"12":{"line":123,"type":"binary-expr","locations":[{"start":{"line":123,"column":42},"end":{"line":123,"column":73},"skip":true},{"start":{"line":123,"column":77},"end":{"line":136,"column":9},"skip":true}]},"13":{"line":138,"type":"binary-expr","locations":[{"start":{"line":138,"column":48},"end":{"line":138,"column":85},"skip":true},{"start":{"line":139,"column":12},"end":{"line":145,"column":13},"skip":true}]},"14":{"line":147,"type":"binary-expr","locations":[{"start":{"line":147,"column":42},"end":{"line":147,"column":73},"skip":true},{"start":{"line":147,"column":77},"end":{"line":156,"column":9},"skip":true}]},"15":{"line":158,"type":"binary-expr","locations":[{"start":{"line":158,"column":45},"end":{"line":158,"column":79},"skip":true},{"start":{"line":158,"column":83},"end":{"line":167,"column":9},"skip":true}]},"16":{"line":169,"type":"binary-expr","locations":[{"start":{"line":169,"column":43},"end":{"line":169,"column":75},"skip":true},{"start":{"line":169,"column":79},"end":{"line":178,"column":9},"skip":true}]},"17":{"line":180,"type":"binary-expr","locations":[{"start":{"line":180,"column":41},"end":{"line":180,"column":71},"skip":true},{"start":{"line":180,"column":75},"end":{"line":189,"column":9},"skip":true}]}},"code":["/* istanbul instrument in package npmtest_qiniu */","/*jslint","    bitwise: true,","    browser: true,","    maxerr: 8,","    maxlen: 96,","    node: true,","    nomen: true,","    regexp: true,","    stupid: true","*/","(function () {","    'use strict';","    var local;","","","","    // run shared js-env code - init-before","    (function () {","        // init local","        local = {};","        // init modeJs","        local.modeJs = (function () {","            try {","                return typeof navigator.userAgent === 'string' &&","                    typeof document.querySelector('body') === 'object' &&","                    typeof XMLHttpRequest.prototype.open === 'function' &&","                    'browser';","            } catch (errorCaughtBrowser) {","                return module.exports &&","                    typeof process.versions.node === 'string' &&","                    typeof require('http').createServer === 'function' &&","                    'node';","            }","        }());","        // init global","        local.global = local.modeJs === 'browser'","            ? window","            : global;","        switch (local.modeJs) {","        // re-init local from window.local","        case 'browser':","            local = local.global.utility2.objectSetDefault(","                local.global.utility2_rollup || local.global.local,","                local.global.utility2","            );","            break;","        // re-init local from example.js","        case 'node':","            local = (local.global.utility2_rollup || require('utility2'))","                .requireReadme();","            break;","        }","        // export local","        local.global.local = local;","    }());","","","","    // run shared js-env code - function","    (function () {","        return;","    }());","    switch (local.modeJs) {","","","","    // run browser js-env code - function","    case 'browser':","        break;","","","","    // run node js-env code - function","    case 'node':","        break;","    }","","","","    // run shared js-env code - init-after","    (function () {","        return;","    }());","    switch (local.modeJs) {","","","","    // run browser js-env code - init-after","    case 'browser':","        local.testCase_browser_nullCase = local.testCase_browser_nullCase || function (","            options,","            onError","        ) {","        /*","         * this function will test browsers's null-case handling-behavior-behavior","         */","            onError(null, options);","        };","","        // run tests","        local.nop(local.modeTest &&","            document.querySelector('#testRunButton1') &&","            document.querySelector('#testRunButton1').click());","        break;","","","","    // run node js-env code - init-after","    /* istanbul ignore next */","    case 'node':","        local.testCase_buildApidoc_default = local.testCase_buildApidoc_default || function (","            options,","            onError","        ) {","        /*","         * this function will test buildApidoc's default handling-behavior-behavior","         */","            options = { modulePathList: module.paths };","            local.buildApidoc(options, onError);","        };","","        local.testCase_buildApp_default = local.testCase_buildApp_default || function (","            options,","            onError","        ) {","        /*","         * this function will test buildApp's default handling-behavior-behavior","         */","            local.testCase_buildReadme_default(options, local.onErrorThrow);","            local.testCase_buildLib_default(options, local.onErrorThrow);","            local.testCase_buildTest_default(options, local.onErrorThrow);","            local.testCase_buildCustomOrg_default(options, local.onErrorThrow);","            options = [];","            local.buildApp(options, onError);","        };","","        local.testCase_buildCustomOrg_default = local.testCase_buildCustomOrg_default ||","            function (options, onError) {","            /*","             * this function will test buildCustomOrg's default handling-behavior","             */","                options = {};","                local.buildCustomOrg(options, onError);","            };","","        local.testCase_buildLib_default = local.testCase_buildLib_default || function (","            options,","            onError","        ) {","        /*","         * this function will test buildLib's default handling-behavior","         */","            options = {};","            local.buildLib(options, onError);","        };","","        local.testCase_buildReadme_default = local.testCase_buildReadme_default || function (","            options,","            onError","        ) {","        /*","         * this function will test buildReadme's default handling-behavior-behavior","         */","            options = {};","            local.buildReadme(options, onError);","        };","","        local.testCase_buildTest_default = local.testCase_buildTest_default || function (","            options,","            onError","        ) {","        /*","         * this function will test buildTest's default handling-behavior","         */","            options = {};","            local.buildTest(options, onError);","        };","","        local.testCase_webpage_default = local.testCase_webpage_default || function (","            options,","            onError","        ) {","        /*","         * this function will test webpage's default handling-behavior","         */","            options = { modeCoverageMerge: true, url: local.serverLocalHost + '?modeTest=1' };","            local.browserTest(options, onError);","        };","","        // run test-server","        local.testRunServer(local);","        break;","    }","}());",""],"l":{"12":2,"14":2,"19":2,"21":2,"23":2,"24":2,"25":2,"30":1,"37":2,"40":2,"43":1,"47":1,"50":1,"52":1,"55":2,"61":2,"62":2,"64":2,"70":1,"76":1,"82":2,"83":2,"85":2,"91":1,"98":1,"102":1,"105":1,"112":1,"119":1,"120":1,"123":1,"130":1,"131":1,"132":1,"133":1,"134":1,"135":1,"138":1,"143":2,"144":2,"147":1,"154":2,"155":2,"158":1,"165":2,"166":2,"169":1,"176":2,"177":2,"180":1,"187":1,"188":1,"192":1,"193":1}},"/home/travis/build/npmtest/node-npmtest-qiniu/lib.npmtest_qiniu.js":{"path":"/home/travis/build/npmtest/node-npmtest-qiniu/lib.npmtest_qiniu.js","s":{"1":2,"2":2,"3":2,"4":2,"5":2,"6":2,"7":2,"8":1,"9":2,"10":2,"11":2,"12":2,"13":1,"14":1,"15":1,"16":1},"b":{"1":[2,1,1,1],"2":[1,1,1,1],"3":[1,1],"4":[2,2],"5":[1,1]},"f":{"1":2,"2":2,"3":2},"fnMap":{"1":{"name":"(anonymous_1)","line":12,"loc":{"start":{"line":12,"column":1},"end":{"line":12,"column":13}}},"2":{"name":"(anonymous_2)","line":19,"loc":{"start":{"line":19,"column":5},"end":{"line":19,"column":17}}},"3":{"name":"(anonymous_3)","line":23,"loc":{"start":{"line":23,"column":24},"end":{"line":23,"column":36}}}},"statementMap":{"1":{"start":{"line":12,"column":0},"end":{"line":53,"column":5}},"2":{"start":{"line":14,"column":4},"end":{"line":14,"column":14}},"3":{"start":{"line":19,"column":4},"end":{"line":52,"column":9}},"4":{"start":{"line":21,"column":8},"end":{"line":21,"column":19}},"5":{"start":{"line":23,"column":8},"end":{"line":35,"column":13}},"6":{"start":{"line":24,"column":12},"end":{"line":34,"column":13}},"7":{"start":{"line":25,"column":16},"end":{"line":28,"column":30}},"8":{"start":{"line":30,"column":16},"end":{"line":33,"column":27}},"9":{"start":{"line":37,"column":8},"end":{"line":39,"column":21}},"10":{"start":{"line":41,"column":8},"end":{"line":41,"column":54}},"11":{"start":{"line":43,"column":8},"end":{"line":43,"column":50}},"12":{"start":{"line":45,"column":8},"end":{"line":51,"column":9}},"13":{"start":{"line":46,"column":12},"end":{"line":46,"column":56}},"14":{"start":{"line":48,"column":12},"end":{"line":48,"column":35}},"15":{"start":{"line":49,"column":12},"end":{"line":49,"column":49}},"16":{"start":{"line":50,"column":12},"end":{"line":50,"column":43}}},"branchMap":{"1":{"line":25,"type":"binary-expr","locations":[{"start":{"line":25,"column":23},"end":{"line":25,"column":62}},{"start":{"line":26,"column":20},"end":{"line":26,"column":70}},{"start":{"line":27,"column":20},"end":{"line":27,"column":71}},{"start":{"line":28,"column":20},"end":{"line":28,"column":29}}]},"2":{"line":30,"type":"binary-expr","locations":[{"start":{"line":30,"column":23},"end":{"line":30,"column":37}},{"start":{"line":31,"column":20},"end":{"line":31,"column":61}},{"start":{"line":32,"column":20},"end":{"line":32,"column":70}},{"start":{"line":33,"column":20},"end":{"line":33,"column":26}}]},"3":{"line":37,"type":"cond-expr","locations":[{"start":{"line":38,"column":14},"end":{"line":38,"column":20}},{"start":{"line":39,"column":14},"end":{"line":39,"column":20}}]},"4":{"line":41,"type":"binary-expr","locations":[{"start":{"line":41,"column":16},"end":{"line":41,"column":44}},{"start":{"line":41,"column":48},"end":{"line":41,"column":53}}]},"5":{"line":45,"type":"if","locations":[{"start":{"line":45,"column":8},"end":{"line":45,"column":8}},{"start":{"line":45,"column":8},"end":{"line":45,"column":8}}]}},"code":["/* istanbul instrument in package npmtest_qiniu */","/*jslint","    bitwise: true,","    browser: true,","    maxerr: 8,","    maxlen: 96,","    node: true,","    nomen: true,","    regexp: true,","    stupid: true","*/","(function () {","    'use strict';","    var local;","","","","    // run shared js-env code - init-before","    (function () {","        // init local","        local = {};","        // init modeJs","        local.modeJs = (function () {","            try {","                return typeof navigator.userAgent === 'string' &&","                    typeof document.querySelector('body') === 'object' &&","                    typeof XMLHttpRequest.prototype.open === 'function' &&","                    'browser';","            } catch (errorCaughtBrowser) {","                return module.exports &&","                    typeof process.versions.node === 'string' &&","                    typeof require('http').createServer === 'function' &&","                    'node';","            }","        }());","        // init global","        local.global = local.modeJs === 'browser'","            ? window","            : global;","        // init utility2_rollup","        local = local.global.utility2_rollup || local;","        // init lib","        local.local = local.npmtest_qiniu = local;","        // init exports","        if (local.modeJs === 'browser') {","            local.global.utility2_npmtest_qiniu = local;","        } else {","            module.exports = local;","            module.exports.__dirname = __dirname;","            module.exports.module = module;","        }","    }());","}());",""],"l":{"12":2,"14":2,"19":2,"21":2,"23":2,"24":2,"25":2,"30":1,"37":2,"41":2,"43":2,"45":2,"46":1,"48":1,"49":1,"50":1}},"/home/travis/build/npmtest/node-npmtest-qiniu/example.js":{"path":"/home/travis/build/npmtest/node-npmtest-qiniu/example.js","s":{"1":2,"2":2,"3":2,"4":2,"5":2,"6":2,"7":2,"8":1,"9":2,"10":2,"11":2,"12":2,"13":1,"14":2,"15":2,"16":2,"17":2,"18":2,"19":0,"20":2,"21":1,"22":1,"23":1,"24":1,"25":1,"26":0,"27":0,"28":1,"29":1,"30":2,"31":0,"32":0,"33":0,"34":1,"35":2,"36":2,"37":3,"38":3,"39":3,"40":3,"41":0,"42":3,"43":3,"44":3,"45":1,"46":3,"47":1,"48":1,"49":1,"50":1,"51":1,"52":1,"53":1,"54":1,"55":1,"56":1,"57":0,"58":1,"59":6,"60":6,"61":1,"62":2,"63":0,"64":2,"65":1,"66":1,"67":0,"68":0,"69":0,"70":0,"71":0,"72":0,"73":0,"74":0,"75":0,"76":0,"77":0,"78":0,"79":0,"80":0,"81":0,"82":0,"83":0},"b":{"1":[2,1,1,1],"2":[1,1,1,1],"3":[1,1],"4":[2,2],"5":[1,1],"6":[1,1],"7":[2,0],"8":[2,1,1,1,1,1],"9":[0,2,0],"10":[1,1],"11":[2,1,1],"12":[1,0],"13":[0,2],"14":[2,0,0,0,0,0,0],"15":[0,3],"16":[3,0],"17":[1,1],"18":[0,1],"19":[1,2,0,2],"20":[1,0],"21":[1,1],"22":[0,0],"23":[0,0],"24":[0,0],"25":[0,0],"26":[0,0],"27":[0,0],"28":[0,0]},"f":{"1":2,"2":2,"3":2,"4":2,"5":2,"6":2,"7":3,"8":3,"9":3,"10":1,"11":6,"12":0},"fnMap":{"1":{"name":"(anonymous_1)","line":26,"loc":{"start":{"line":26,"column":1},"end":{"line":26,"column":13}}},"2":{"name":"(anonymous_2)","line":33,"loc":{"start":{"line":33,"column":5},"end":{"line":33,"column":17}}},"3":{"name":"(anonymous_3)","line":37,"loc":{"start":{"line":37,"column":24},"end":{"line":37,"column":36}}},"4":{"name":"(anonymous_4)","line":69,"loc":{"start":{"line":69,"column":31},"end":{"line":69,"column":48}},"skip":true},"5":{"name":"(anonymous_5)","line":78,"loc":{"start":{"line":78,"column":26},"end":{"line":78,"column":45}},"skip":true},"6":{"name":"(anonymous_6)","line":123,"loc":{"start":{"line":123,"column":33},"end":{"line":123,"column":48}},"skip":true},"7":{"name":"(anonymous_7)","line":125,"loc":{"start":{"line":125,"column":27},"end":{"line":125,"column":39}},"skip":true},"8":{"name":"(anonymous_8)","line":133,"loc":{"start":{"line":133,"column":59},"end":{"line":133,"column":74}},"skip":true},"9":{"name":"(anonymous_9)","line":143,"loc":{"start":{"line":143,"column":45},"end":{"line":143,"column":62}},"skip":true},"10":{"name":"(anonymous_10)","line":144,"loc":{"start":{"line":144,"column":73},"end":{"line":144,"column":92}},"skip":true},"11":{"name":"(anonymous_11)","line":272,"loc":{"start":{"line":272,"column":51},"end":{"line":272,"column":77}},"skip":true},"12":{"name":"(anonymous_12)","line":315,"loc":{"start":{"line":315,"column":32},"end":{"line":315,"column":61}},"skip":true}},"statementMap":{"1":{"start":{"line":26,"column":0},"end":{"line":326,"column":5}},"2":{"start":{"line":28,"column":4},"end":{"line":28,"column":14}},"3":{"start":{"line":33,"column":4},"end":{"line":60,"column":9}},"4":{"start":{"line":35,"column":8},"end":{"line":35,"column":19}},"5":{"start":{"line":37,"column":8},"end":{"line":49,"column":13}},"6":{"start":{"line":38,"column":12},"end":{"line":48,"column":13}},"7":{"start":{"line":39,"column":16},"end":{"line":42,"column":30}},"8":{"start":{"line":44,"column":16},"end":{"line":47,"column":27}},"9":{"start":{"line":51,"column":8},"end":{"line":53,"column":21}},"10":{"start":{"line":55,"column":8},"end":{"line":57,"column":45}},"11":{"start":{"line":59,"column":8},"end":{"line":59,"column":35}},"12":{"start":{"line":61,"column":4},"end":{"line":325,"column":5}},"13":{"start":{"line":69,"column":8},"end":{"line":121,"column":10},"skip":true},"14":{"start":{"line":70,"column":12},"end":{"line":88,"column":13},"skip":true},"15":{"start":{"line":76,"column":16},"end":{"line":87,"column":19},"skip":true},"16":{"start":{"line":79,"column":20},"end":{"line":86,"column":21},"skip":true},"17":{"start":{"line":82,"column":24},"end":{"line":82,"column":43},"skip":true},"18":{"start":{"line":83,"column":24},"end":{"line":83,"column":30},"skip":true},"19":{"start":{"line":85,"column":24},"end":{"line":85,"column":49},"skip":true},"20":{"start":{"line":89,"column":12},"end":{"line":107,"column":13},"skip":true},"21":{"start":{"line":92,"column":16},"end":{"line":102,"column":17},"skip":true},"22":{"start":{"line":93,"column":20},"end":{"line":93,"column":86},"skip":true},"23":{"start":{"line":94,"column":20},"end":{"line":95,"column":45},"skip":true},"24":{"start":{"line":96,"column":20},"end":{"line":96,"column":42},"skip":true},"25":{"start":{"line":97,"column":20},"end":{"line":97,"column":48},"skip":true},"26":{"start":{"line":100,"column":20},"end":{"line":100,"column":85},"skip":true},"27":{"start":{"line":101,"column":20},"end":{"line":101,"column":96},"skip":true},"28":{"start":{"line":103,"column":16},"end":{"line":103,"column":22},"skip":true},"29":{"start":{"line":106,"column":16},"end":{"line":106,"column":22},"skip":true},"30":{"start":{"line":108,"column":12},"end":{"line":120,"column":13},"skip":true},"31":{"start":{"line":114,"column":16},"end":{"line":119,"column":17},"skip":true},"32":{"start":{"line":116,"column":20},"end":{"line":116,"column":78},"skip":true},"33":{"start":{"line":118,"column":20},"end":{"line":118,"column":47},"skip":true},"34":{"start":{"line":123,"column":8},"end":{"line":141,"column":11},"skip":true},"35":{"start":{"line":124,"column":12},"end":{"line":124,"column":54},"skip":true},"36":{"start":{"line":125,"column":12},"end":{"line":140,"column":14},"skip":true},"37":{"start":{"line":126,"column":16},"end":{"line":126,"column":28},"skip":true},"38":{"start":{"line":127,"column":16},"end":{"line":127,"column":69},"skip":true},"39":{"start":{"line":128,"column":16},"end":{"line":128,"column":75},"skip":true},"40":{"start":{"line":129,"column":16},"end":{"line":131,"column":17},"skip":true},"41":{"start":{"line":130,"column":20},"end":{"line":130,"column":27},"skip":true},"42":{"start":{"line":133,"column":16},"end":{"line":137,"column":36},"skip":true},"43":{"start":{"line":134,"column":20},"end":{"line":136,"column":55},"skip":true},"44":{"start":{"line":139,"column":16},"end":{"line":139,"column":57},"skip":true},"45":{"start":{"line":143,"column":8},"end":{"line":147,"column":11},"skip":true},"46":{"start":{"line":144,"column":12},"end":{"line":146,"column":15},"skip":true},"47":{"start":{"line":145,"column":16},"end":{"line":145,"column":70},"skip":true},"48":{"start":{"line":149,"column":8},"end":{"line":149,"column":31},"skip":true},"49":{"start":{"line":150,"column":8},"end":{"line":150,"column":14},"skip":true},"50":{"start":{"line":158,"column":8},"end":{"line":158,"column":31},"skip":true},"51":{"start":{"line":160,"column":8},"end":{"line":160,"column":33},"skip":true},"52":{"start":{"line":161,"column":8},"end":{"line":161,"column":37},"skip":true},"53":{"start":{"line":162,"column":8},"end":{"line":162,"column":35},"skip":true},"54":{"start":{"line":164,"column":8},"end":{"line":164,"column":50},"skip":true},"55":{"start":{"line":166,"column":8},"end":{"line":256,"column":2},"skip":true},"56":{"start":{"line":258,"column":8},"end":{"line":286,"column":9},"skip":true},"57":{"start":{"line":259,"column":12},"end":{"line":269,"column":14},"skip":true},"58":{"start":{"line":271,"column":12},"end":{"line":285,"column":19},"skip":true},"59":{"start":{"line":274,"column":20},"end":{"line":274,"column":35},"skip":true},"60":{"start":{"line":275,"column":20},"end":{"line":284,"column":21},"skip":true},"61":{"start":{"line":277,"column":24},"end":{"line":277,"column":64},"skip":true},"62":{"start":{"line":279,"column":24},"end":{"line":279,"column":40},"skip":true},"63":{"start":{"line":281,"column":24},"end":{"line":281,"column":40},"skip":true},"64":{"start":{"line":283,"column":24},"end":{"line":283,"column":39},"skip":true},"65":{"start":{"line":288,"column":8},"end":{"line":290,"column":9},"skip":true},"66":{"start":{"line":289,"column":12},"end":{"line":289,"column":18},"skip":true},"67":{"start":{"line":291,"column":8},"end":{"line":293,"column":54},"skip":true},"68":{"start":{"line":296,"column":8},"end":{"line":301,"column":37},"skip":true},"69":{"start":{"line":303,"column":8},"end":{"line":303,"column":82},"skip":true},"70":{"start":{"line":306,"column":8},"end":{"line":308,"column":9},"skip":true},"71":{"start":{"line":307,"column":12},"end":{"line":307,"column":82},"skip":true},"72":{"start":{"line":310,"column":8},"end":{"line":312,"column":9},"skip":true},"73":{"start":{"line":311,"column":12},"end":{"line":311,"column":18},"skip":true},"74":{"start":{"line":313,"column":8},"end":{"line":313,"column":54},"skip":true},"75":{"start":{"line":314,"column":8},"end":{"line":314,"column":69},"skip":true},"76":{"start":{"line":315,"column":8},"end":{"line":323,"column":36},"skip":true},"77":{"start":{"line":316,"column":12},"end":{"line":316,"column":61},"skip":true},"78":{"start":{"line":317,"column":12},"end":{"line":320,"column":13},"skip":true},"79":{"start":{"line":318,"column":16},"end":{"line":318,"column":75},"skip":true},"80":{"start":{"line":319,"column":16},"end":{"line":319,"column":23},"skip":true},"81":{"start":{"line":321,"column":12},"end":{"line":321,"column":38},"skip":true},"82":{"start":{"line":322,"column":12},"end":{"line":322,"column":27},"skip":true},"83":{"start":{"line":324,"column":8},"end":{"line":324,"column":14},"skip":true}},"branchMap":{"1":{"line":39,"type":"binary-expr","locations":[{"start":{"line":39,"column":23},"end":{"line":39,"column":62}},{"start":{"line":40,"column":20},"end":{"line":40,"column":70}},{"start":{"line":41,"column":20},"end":{"line":41,"column":71}},{"start":{"line":42,"column":20},"end":{"line":42,"column":29}}]},"2":{"line":44,"type":"binary-expr","locations":[{"start":{"line":44,"column":23},"end":{"line":44,"column":37}},{"start":{"line":45,"column":20},"end":{"line":45,"column":61}},{"start":{"line":46,"column":20},"end":{"line":46,"column":70}},{"start":{"line":47,"column":20},"end":{"line":47,"column":26}}]},"3":{"line":51,"type":"cond-expr","locations":[{"start":{"line":52,"column":14},"end":{"line":52,"column":20}},{"start":{"line":53,"column":14},"end":{"line":53,"column":20}}]},"4":{"line":55,"type":"binary-expr","locations":[{"start":{"line":55,"column":16},"end":{"line":55,"column":44}},{"start":{"line":55,"column":49},"end":{"line":57,"column":43}}]},"5":{"line":55,"type":"cond-expr","locations":[{"start":{"line":56,"column":14},"end":{"line":56,"column":49}},{"start":{"line":57,"column":14},"end":{"line":57,"column":43}}]},"6":{"line":61,"type":"switch","locations":[{"start":{"line":68,"column":4},"end":{"line":150,"column":14},"skip":true},{"start":{"line":156,"column":4},"end":{"line":324,"column":14},"skip":true}]},"7":{"line":70,"type":"if","locations":[{"start":{"line":70,"column":12},"end":{"line":70,"column":12},"skip":true},{"start":{"line":70,"column":12},"end":{"line":70,"column":12},"skip":true}]},"8":{"line":70,"type":"binary-expr","locations":[{"start":{"line":70,"column":16},"end":{"line":70,"column":22},"skip":true},{"start":{"line":70,"column":27},"end":{"line":70,"column":32},"skip":true},{"start":{"line":71,"column":20},"end":{"line":71,"column":39},"skip":true},{"start":{"line":72,"column":20},"end":{"line":72,"column":49},"skip":true},{"start":{"line":73,"column":20},"end":{"line":73,"column":58},"skip":true},{"start":{"line":74,"column":20},"end":{"line":74,"column":69},"skip":true}]},"9":{"line":79,"type":"switch","locations":[{"start":{"line":80,"column":20},"end":{"line":80,"column":33},"skip":true},{"start":{"line":81,"column":20},"end":{"line":83,"column":30},"skip":true},{"start":{"line":84,"column":20},"end":{"line":85,"column":49},"skip":true}]},"10":{"line":89,"type":"switch","locations":[{"start":{"line":90,"column":12},"end":{"line":103,"column":22},"skip":true},{"start":{"line":105,"column":12},"end":{"line":106,"column":22},"skip":true}]},"11":{"line":89,"type":"binary-expr","locations":[{"start":{"line":89,"column":20},"end":{"line":89,"column":25},"skip":true},{"start":{"line":89,"column":29},"end":{"line":89,"column":48},"skip":true},{"start":{"line":89,"column":52},"end":{"line":89,"column":74},"skip":true}]},"12":{"line":92,"type":"if","locations":[{"start":{"line":92,"column":16},"end":{"line":92,"column":16},"skip":true},{"start":{"line":92,"column":16},"end":{"line":92,"column":16},"skip":true}]},"13":{"line":108,"type":"if","locations":[{"start":{"line":108,"column":12},"end":{"line":108,"column":12},"skip":true},{"start":{"line":108,"column":12},"end":{"line":108,"column":12},"skip":true}]},"14":{"line":108,"type":"binary-expr","locations":[{"start":{"line":108,"column":16},"end":{"line":108,"column":61},"skip":true},{"start":{"line":108,"column":66},"end":{"line":108,"column":72},"skip":true},{"start":{"line":108,"column":77},"end":{"line":108,"column":82},"skip":true},{"start":{"line":109,"column":20},"end":{"line":109,"column":39},"skip":true},{"start":{"line":110,"column":20},"end":{"line":110,"column":49},"skip":true},{"start":{"line":111,"column":20},"end":{"line":111,"column":58},"skip":true},{"start":{"line":112,"column":20},"end":{"line":112,"column":68},"skip":true}]},"15":{"line":129,"type":"if","locations":[{"start":{"line":129,"column":16},"end":{"line":129,"column":16},"skip":true},{"start":{"line":129,"column":16},"end":{"line":129,"column":16},"skip":true}]},"16":{"line":134,"type":"cond-expr","locations":[{"start":{"line":135,"column":26},"end":{"line":135,"column":29},"skip":true},{"start":{"line":136,"column":26},"end":{"line":136,"column":54},"skip":true}]},"17":{"line":164,"type":"binary-expr","locations":[{"start":{"line":164,"column":27},"end":{"line":164,"column":43},"skip":true},{"start":{"line":164,"column":47},"end":{"line":164,"column":49},"skip":true}]},"18":{"line":258,"type":"if","locations":[{"start":{"line":258,"column":8},"end":{"line":258,"column":8},"skip":true},{"start":{"line":258,"column":8},"end":{"line":258,"column":8},"skip":true}]},"19":{"line":275,"type":"switch","locations":[{"start":{"line":276,"column":20},"end":{"line":277,"column":64},"skip":true},{"start":{"line":278,"column":20},"end":{"line":279,"column":40},"skip":true},{"start":{"line":280,"column":20},"end":{"line":281,"column":40},"skip":true},{"start":{"line":282,"column":20},"end":{"line":283,"column":39},"skip":true}]},"20":{"line":288,"type":"if","locations":[{"start":{"line":288,"column":8},"end":{"line":288,"column":8},"skip":true},{"start":{"line":288,"column":8},"end":{"line":288,"column":8},"skip":true}]},"21":{"line":288,"type":"binary-expr","locations":[{"start":{"line":288,"column":12},"end":{"line":288,"column":40},"skip":true},{"start":{"line":288,"column":44},"end":{"line":288,"column":67},"skip":true}]},"22":{"line":292,"type":"binary-expr","locations":[{"start":{"line":292,"column":12},"end":{"line":292,"column":50},"skip":true},{"start":{"line":293,"column":12},"end":{"line":293,"column":53},"skip":true}]},"23":{"line":297,"type":"binary-expr","locations":[{"start":{"line":297,"column":12},"end":{"line":297,"column":63},"skip":true},{"start":{"line":298,"column":12},"end":{"line":301,"column":36},"skip":true}]},"24":{"line":303,"type":"binary-expr","locations":[{"start":{"line":303,"column":43},"end":{"line":303,"column":75},"skip":true},{"start":{"line":303,"column":79},"end":{"line":303,"column":81},"skip":true}]},"25":{"line":306,"type":"if","locations":[{"start":{"line":306,"column":8},"end":{"line":306,"column":8},"skip":true},{"start":{"line":306,"column":8},"end":{"line":306,"column":8},"skip":true}]},"26":{"line":310,"type":"if","locations":[{"start":{"line":310,"column":8},"end":{"line":310,"column":8},"skip":true},{"start":{"line":310,"column":8},"end":{"line":310,"column":8},"skip":true}]},"27":{"line":313,"type":"binary-expr","locations":[{"start":{"line":313,"column":27},"end":{"line":313,"column":43},"skip":true},{"start":{"line":313,"column":47},"end":{"line":313,"column":53},"skip":true}]},"28":{"line":317,"type":"if","locations":[{"start":{"line":317,"column":12},"end":{"line":317,"column":12},"skip":true},{"start":{"line":317,"column":12},"end":{"line":317,"column":12},"skip":true}]}},"code":["/*","example.js","","quickstart example","","instruction","    1. save this script as example.js","    2. run the shell command:","        $ npm install npmtest-qiniu && PORT=8081 node example.js","    3. play with the browser-demo on http://127.0.0.1:8081","*/","","","","/* istanbul instrument in package npmtest_qiniu */","/*jslint","    bitwise: true,","    browser: true,","    maxerr: 8,","    maxlen: 96,","    node: true,","    nomen: true,","    regexp: true,","    stupid: true","*/","(function () {","    'use strict';","    var local;","","","","    // run shared js-env code - init-before","    (function () {","        // init local","        local = {};","        // init modeJs","        local.modeJs = (function () {","            try {","                return typeof navigator.userAgent === 'string' &&","                    typeof document.querySelector('body') === 'object' &&","                    typeof XMLHttpRequest.prototype.open === 'function' &&","                    'browser';","            } catch (errorCaughtBrowser) {","                return module.exports &&","                    typeof process.versions.node === 'string' &&","                    typeof require('http').createServer === 'function' &&","                    'node';","            }","        }());","        // init global","        local.global = local.modeJs === 'browser'","            ? window","            : global;","        // init utility2_rollup","        local = local.global.utility2_rollup || (local.modeJs === 'browser'","            ? local.global.utility2_npmtest_qiniu","            : global.utility2_moduleExports);","        // export local","        local.global.local = local;","    }());","    switch (local.modeJs) {","","","","    // init-after","    // run browser js-env code - init-after","    /* istanbul ignore next */","    case 'browser':","        local.testRunBrowser = function (event) {","            if (!event || (event &&","                    event.currentTarget &&","                    event.currentTarget.className &&","                    event.currentTarget.className.includes &&","                    event.currentTarget.className.includes('onreset'))) {","                // reset output","                Array.from(","                    document.querySelectorAll('body > .resettable')","                ).forEach(function (element) {","                    switch (element.tagName) {","                    case 'INPUT':","                    case 'TEXTAREA':","                        element.value = '';","                        break;","                    default:","                        element.textContent = '';","                    }","                });","            }","            switch (event && event.currentTarget && event.currentTarget.id) {","            case 'testRunButton1':","                // show tests","                if (document.querySelector('#testReportDiv1').style.display === 'none') {","                    document.querySelector('#testReportDiv1').style.display = 'block';","                    document.querySelector('#testRunButton1').textContent =","                        'hide internal test';","                    local.modeTest = true;","                    local.testRunDefault(local);","                // hide tests","                } else {","                    document.querySelector('#testReportDiv1').style.display = 'none';","                    document.querySelector('#testRunButton1').textContent = 'run internal test';","                }","                break;","            // custom-case","            default:","                break;","            }","            if (document.querySelector('#inputTextareaEval1') && (!event || (event &&","                    event.currentTarget &&","                    event.currentTarget.className &&","                    event.currentTarget.className.includes &&","                    event.currentTarget.className.includes('oneval')))) {","                // try to eval input-code","                try {","                    /*jslint evil: true*/","                    eval(document.querySelector('#inputTextareaEval1').value);","                } catch (errorCaught) {","                    console.error(errorCaught);","                }","            }","        };","        // log stderr and stdout to #outputTextareaStdout1","        ['error', 'log'].forEach(function (key) {","            console[key + '_original'] = console[key];","            console[key] = function () {","                var element;","                console[key + '_original'].apply(console, arguments);","                element = document.querySelector('#outputTextareaStdout1');","                if (!element) {","                    return;","                }","                // append text to #outputTextareaStdout1","                element.value += Array.from(arguments).map(function (arg) {","                    return typeof arg === 'string'","                        ? arg","                        : JSON.stringify(arg, null, 4);","                }).join(' ') + '\\n';","                // scroll textarea to bottom","                element.scrollTop = element.scrollHeight;","            };","        });","        // init event-handling","        ['change', 'click', 'keyup'].forEach(function (event) {","            Array.from(document.querySelectorAll('.on' + event)).forEach(function (element) {","                element.addEventListener(event, local.testRunBrowser);","            });","        });","        // run tests","        local.testRunBrowser();","        break;","","","","    // run node js-env code - init-after","    /* istanbul ignore next */","    case 'node':","        // export local","        module.exports = local;","        // require modules","        local.fs = require('fs');","        local.http = require('http');","        local.url = require('url');","        // init assets","        local.assetsDict = local.assetsDict || {};","        /* jslint-ignore-begin */","        local.assetsDict['/assets.index.template.html'] = '\\","<!doctype html>\\n\\","<html lang=\"en\">\\n\\","<head>\\n\\","<meta charset=\"UTF-8\">\\n\\","<meta name=\"viewport\" content=\"width=device-width, initial-scale=1\">\\n\\","<title>{{env.npm_package_name}} (v{{env.npm_package_version}})</title>\\n\\","<style>\\n\\","/*csslint\\n\\","    box-sizing: false,\\n\\","    universal-selector: false\\n\\","*/\\n\\","* {\\n\\","    box-sizing: border-box;\\n\\","}\\n\\","body {\\n\\","    background: #dde;\\n\\","    font-family: Arial, Helvetica, sans-serif;\\n\\","    margin: 2rem;\\n\\","}\\n\\","body > * {\\n\\","    margin-bottom: 1rem;\\n\\","}\\n\\",".utility2FooterDiv {\\n\\","    margin-top: 20px;\\n\\","    text-align: center;\\n\\","}\\n\\","</style>\\n\\","<style>\\n\\","/*csslint\\n\\","*/\\n\\","textarea {\\n\\","    font-family: monospace;\\n\\","    height: 10rem;\\n\\","    width: 100%;\\n\\","}\\n\\","textarea[readonly] {\\n\\","    background: #ddd;\\n\\","}\\n\\","</style>\\n\\","</head>\\n\\","<body>\\n\\","<!-- utility2-comment\\n\\","<div id=\"ajaxProgressDiv1\" style=\"background: #d00; height: 2px; left: 0; margin: 0; padding: 0; position: fixed; top: 0; transition: background 0.5s, width 1.5s; width: 25%;\"></div>\\n\\","utility2-comment -->\\n\\","<h1>\\n\\","<!-- utility2-comment\\n\\","    <a\\n\\","        {{#if env.npm_package_homepage}}\\n\\","        href=\"{{env.npm_package_homepage}}\"\\n\\","        {{/if env.npm_package_homepage}}\\n\\","        target=\"_blank\"\\n\\","    >\\n\\","utility2-comment -->\\n\\","        {{env.npm_package_name}} (v{{env.npm_package_version}})\\n\\","<!-- utility2-comment\\n\\","    </a>\\n\\","utility2-comment -->\\n\\","</h1>\\n\\","<h3>{{env.npm_package_description}}</h3>\\n\\","<!-- utility2-comment\\n\\","<h4><a download href=\"assets.app.js\">download standalone app</a></h4>\\n\\","<button class=\"onclick onreset\" id=\"testRunButton1\">run internal test</button><br>\\n\\","<div id=\"testReportDiv1\" style=\"display: none;\"></div>\\n\\","utility2-comment -->\\n\\","\\n\\","\\n\\","\\n\\","<label>stderr and stdout</label>\\n\\","<textarea class=\"resettable\" id=\"outputTextareaStdout1\" readonly></textarea>\\n\\","<!-- utility2-comment\\n\\","{{#if isRollup}}\\n\\","<script src=\"assets.app.js\"></script>\\n\\","{{#unless isRollup}}\\n\\","utility2-comment -->\\n\\","<script src=\"assets.utility2.rollup.js\"></script>\\n\\","<script src=\"jsonp.utility2._stateInit?callback=window.utility2._stateInit\"></script>\\n\\","<script src=\"assets.npmtest_qiniu.rollup.js\"></script>\\n\\","<script src=\"assets.example.js\"></script>\\n\\","<script src=\"assets.test.js\"></script>\\n\\","<!-- utility2-comment\\n\\","{{/if isRollup}}\\n\\","utility2-comment -->\\n\\","<div class=\"utility2FooterDiv\">\\n\\","    [ this app was created with\\n\\","    <a href=\"https://github.com/kaizhu256/node-utility2\" target=\"_blank\">utility2</a>\\n\\","    ]\\n\\","</div>\\n\\","</body>\\n\\","</html>\\n\\","';","        /* jslint-ignore-end */","        if (local.templateRender) {","            local.assetsDict['/'] = local.templateRender(","                local.assetsDict['/assets.index.template.html'],","                {","                    env: local.objectSetDefault(local.env, {","                        npm_package_description: 'the greatest app in the world!',","                        npm_package_name: 'my-app',","                        npm_package_nameAlias: 'my_app',","                        npm_package_version: '0.0.1'","                    })","                }","            );","        } else {","            local.assetsDict['/'] = local.assetsDict['/assets.index.template.html']","                .replace((/\\{\\{env\\.(\\w+?)\\}\\}/g), function (match0, match1) {","                    // jslint-hack","                    String(match0);","                    switch (match1) {","                    case 'npm_package_description':","                        return 'the greatest app in the world!';","                    case 'npm_package_name':","                        return 'my-app';","                    case 'npm_package_nameAlias':","                        return 'my_app';","                    case 'npm_package_version':","                        return '0.0.1';","                    }","                });","        }","        // run the cli","        if (local.global.utility2_rollup || module !== require.main) {","            break;","        }","        local.assetsDict['/assets.example.js'] =","            local.assetsDict['/assets.example.js'] ||","            local.fs.readFileSync(__filename, 'utf8');","        // bug-workaround - long $npm_package_buildCustomOrg","        /* jslint-ignore-begin */","        local.assetsDict['/assets.npmtest_qiniu.rollup.js'] =","            local.assetsDict['/assets.npmtest_qiniu.rollup.js'] ||","            local.fs.readFileSync(","                local.npmtest_qiniu.__dirname + '/lib.npmtest_qiniu.js',","                'utf8'","            ).replace((/^#!/), '//');","        /* jslint-ignore-end */","        local.assetsDict['/favicon.ico'] = local.assetsDict['/favicon.ico'] || '';","        // if $npm_config_timeout_exit exists,","        // then exit this process after $npm_config_timeout_exit ms","        if (Number(process.env.npm_config_timeout_exit)) {","            setTimeout(process.exit, Number(process.env.npm_config_timeout_exit));","        }","        // start server","        if (local.global.utility2_serverHttp1) {","            break;","        }","        process.env.PORT = process.env.PORT || '8081';","        console.error('server starting on port ' + process.env.PORT);","        local.http.createServer(function (request, response) {","            request.urlParsed = local.url.parse(request.url);","            if (local.assetsDict[request.urlParsed.pathname] !== undefined) {","                response.end(local.assetsDict[request.urlParsed.pathname]);","                return;","            }","            response.statusCode = 404;","            response.end();","        }).listen(process.env.PORT);","        break;","    }","}());",""],"l":{"26":2,"28":2,"33":2,"35":2,"37":2,"38":2,"39":2,"44":1,"51":2,"55":2,"59":2,"61":2,"69":1,"70":2,"76":2,"79":2,"82":2,"83":2,"85":1,"89":2,"92":1,"93":1,"94":1,"96":1,"97":1,"100":1,"101":1,"103":1,"106":1,"108":2,"114":1,"116":1,"118":1,"123":1,"124":2,"125":2,"126":3,"127":3,"128":3,"129":3,"130":1,"133":3,"134":3,"139":3,"143":1,"144":3,"145":1,"149":1,"150":1,"158":1,"160":1,"161":1,"162":1,"164":1,"166":1,"258":1,"259":1,"271":1,"274":6,"275":6,"277":1,"279":2,"281":1,"283":2,"288":1,"289":1,"291":1,"296":1,"303":1,"306":1,"307":1,"310":1,"311":1,"313":1,"314":1,"315":1,"316":1,"317":1,"318":1,"319":1,"321":1,"322":1,"324":1}},"/home/travis/build/npmtest/node-npmtest-qiniu/node_modules/qiniu/index.js":{"path":"/home/travis/build/npmtest/node-npmtest-qiniu/node_modules/qiniu/index.js","s":{"1":1,"2":1},"b":{"1":[0,1]},"f":{},"fnMap":{},"statementMap":{"1":{"start":{"line":2,"column":0},"end":{"line":2,"column":62}},"2":{"start":{"line":4,"column":0},"end":{"line":16,"column":2}}},"branchMap":{"1":{"line":2,"type":"cond-expr","locations":[{"start":{"line":2,"column":38},"end":{"line":2,"column":49}},{"start":{"line":2,"column":52},"end":{"line":2,"column":61}}]}},"code":["","var libpath = process.env.QINIU_COV ? './lib-cov' : './qiniu';","","module.exports = {","  auth: {","    digest: require(libpath + '/auth' + '/digest.js')","  },","  io: require(libpath + '/io.js'),","  rs: require(libpath + '/rs.js'),","  rsf: require(libpath + '/rsf.js'),","  fop: require(libpath + '/fop.js'),","  conf: require(libpath + '/conf.js'),","  rpc: require(libpath + '/rpc.js'),","  util: require(libpath + '/util.js'),","  zone: require(libpath + '/zone.js')","};",""],"l":{"2":1,"4":1}},"/home/travis/build/npmtest/node-npmtest-qiniu/node_modules/qiniu/qiniu/auth/digest.js":{"path":"/home/travis/build/npmtest/node-npmtest-qiniu/node_modules/qiniu/qiniu/auth/digest.js","s":{"1":1,"2":1,"3":1,"4":1,"5":1,"6":0,"7":0},"b":{"1":[0,0],"2":[0,0]},"f":{"1":0},"fnMap":{"1":{"name":"Mac","line":8,"loc":{"start":{"line":8,"column":0},"end":{"line":8,"column":35}}}},"statementMap":{"1":{"start":{"line":2,"column":0},"end":{"line":2,"column":25}},"2":{"start":{"line":3,"column":0},"end":{"line":3,"column":30}},"3":{"start":{"line":4,"column":0},"end":{"line":4,"column":30}},"4":{"start":{"line":6,"column":0},"end":{"line":6,"column":18}},"5":{"start":{"line":8,"column":0},"end":{"line":11,"column":1}},"6":{"start":{"line":9,"column":2},"end":{"line":9,"column":48}},"7":{"start":{"line":10,"column":2},"end":{"line":10,"column":48}}},"branchMap":{"1":{"line":9,"type":"binary-expr","locations":[{"start":{"line":9,"column":19},"end":{"line":9,"column":28}},{"start":{"line":9,"column":32},"end":{"line":9,"column":47}}]},"2":{"line":10,"type":"binary-expr","locations":[{"start":{"line":10,"column":19},"end":{"line":10,"column":28}},{"start":{"line":10,"column":32},"end":{"line":10,"column":47}}]}},"code":["","var url = require('url');","var conf = require('../conf');","var util = require('../util');","","exports.Mac = Mac;","","function Mac(accessKey, secretKey) {","  this.accessKey = accessKey || conf.ACCESS_KEY;","  this.secretKey = secretKey || conf.SECRET_KEY;","}","","//Mac.prototype._sign = function(data) {","//  return util.hmacSha1(data, this.secretKey);","//}","//","//Mac.prototype.sign = function(data) {","//  return this.accessKey + ':' + this._sign(data);","//}","//","//Mac.prototype.signWithData = function(b) {","//  var data = util.urlsafeBase64Encode(b);","//  var sign = this._sign(data);","//  return this.accessKey + ':' + sign + ':' + data;","//}","//","//Mac.prototype.sign_request = function(path, body, content_type) {","//  var u = url.parse(path);","//  var path = u.path;","//  var data = path + '\\n';","//","//  if (body) {","//    data += body;","//  }","//","//  return this.access + ':' + this._sign(data);","//}","//","",""],"l":{"2":1,"3":1,"4":1,"6":1,"8":1,"9":0,"10":0}},"/home/travis/build/npmtest/node-npmtest-qiniu/node_modules/qiniu/qiniu/conf.js":{"path":"/home/travis/build/npmtest/node-npmtest-qiniu/node_modules/qiniu/qiniu/conf.js","s":{"1":1,"2":1,"3":1,"4":1,"5":1,"6":1,"7":1,"8":1,"9":1,"10":1,"11":1,"12":1,"13":1,"14":1,"15":1,"16":1,"17":1,"18":1,"19":1,"20":1},"b":{},"f":{"1":1},"fnMap":{"1":{"name":"(anonymous_1)","line":9,"loc":{"start":{"line":9,"column":9},"end":{"line":9,"column":20}}}},"statementMap":{"1":{"start":{"line":1,"column":0},"end":{"line":1,"column":23}},"2":{"start":{"line":2,"column":0},"end":{"line":2,"column":27}},"3":{"start":{"line":3,"column":0},"end":{"line":3,"column":23}},"4":{"start":{"line":5,"column":0},"end":{"line":5,"column":54}},"5":{"start":{"line":6,"column":0},"end":{"line":6,"column":61}},"6":{"start":{"line":8,"column":0},"end":{"line":8,"column":83}},"7":{"start":{"line":9,"column":0},"end":{"line":11,"column":1}},"8":{"start":{"line":10,"column":4},"end":{"line":10,"column":109}},"9":{"start":{"line":13,"column":0},"end":{"line":13,"column":26}},"10":{"start":{"line":14,"column":0},"end":{"line":14,"column":44}},"11":{"start":{"line":15,"column":0},"end":{"line":15,"column":38}},"12":{"start":{"line":16,"column":0},"end":{"line":16,"column":40}},"13":{"start":{"line":17,"column":0},"end":{"line":17,"column":42}},"14":{"start":{"line":18,"column":0},"end":{"line":18,"column":30}},"15":{"start":{"line":19,"column":0},"end":{"line":19,"column":39}},"16":{"start":{"line":20,"column":0},"end":{"line":20,"column":48}},"17":{"start":{"line":21,"column":0},"end":{"line":21,"column":24}},"18":{"start":{"line":22,"column":0},"end":{"line":22,"column":24}},"19":{"start":{"line":23,"column":0},"end":{"line":23,"column":23}},"20":{"start":{"line":24,"column":0},"end":{"line":24,"column":19}}},"branchMap":{},"code":["var fs = require('fs');","var path = require('path');","var os = require('os');","","exports.ACCESS_KEY = '<PLEASE APPLY YOUR ACCESS KEY>';","exports.SECRET_KEY = '<DONT SEND YOUR SECRET KEY TO ANYONE>';","","var pkg = JSON.parse(fs.readFileSync(path.join(__dirname, '../', 'package.json')));","var ua = function() {","    return 'QiniuNodejs/' + pkg.version + ' (' + os.type() + '; ' + os.platform() + '; ' + os.arch() + '; )';","}","","exports.USER_AGENT = ua();","exports.UP_HOST = 'http://upload.qiniu.com';","exports.RS_HOST = 'http://rs.qbox.me';","exports.RSF_HOST = 'http://rsf.qbox.me';","exports.API_HOST = 'http://api.qiniu.com';","exports.RPC_TIMEOUT = 3600000; // default rpc timeout: one hour","exports.UC_HOST  = 'http://uc.qbox.me'; ","exports.UP_HTTPS_HOST = 'https://up-z1.qbox.me';","exports.SCHEME = 'http'; // 上传使用的协议 ","exports.AUTOZONE = true; // 自动获取不同机房空间的上传域名","exports.BUCKET = null ; // 上传空间","exports.EXPIRE = 0;"],"l":{"1":1,"2":1,"3":1,"5":1,"6":1,"8":1,"9":1,"10":1,"13":1,"14":1,"15":1,"16":1,"17":1,"18":1,"19":1,"20":1,"21":1,"22":1,"23":1,"24":1}},"/home/travis/build/npmtest/node-npmtest-qiniu/node_modules/qiniu/qiniu/util.js":{"path":"/home/travis/build/npmtest/node-npmtest-qiniu/node_modules/qiniu/qiniu/util.js","s":{"1":1,"2":1,"3":1,"4":1,"5":1,"6":1,"7":1,"8":0,"9":0,"10":1,"11":0,"12":1,"13":0,"14":0,"15":0,"16":1,"17":0,"18":0,"19":0,"20":0,"21":0,"22":0,"23":0,"24":0,"25":1,"26":0,"27":0},"b":{"1":[0,0]},"f":{"1":0,"2":0,"3":0,"4":0,"5":0},"fnMap":{"1":{"name":"(anonymous_1)","line":12,"loc":{"start":{"line":12,"column":30},"end":{"line":12,"column":50}}},"2":{"name":"(anonymous_2)","line":17,"loc":{"start":{"line":17,"column":26},"end":{"line":17,"column":38}}},"3":{"name":"(anonymous_3)","line":21,"loc":{"start":{"line":21,"column":19},"end":{"line":21,"column":53}}},"4":{"name":"(anonymous_4)","line":33,"loc":{"start":{"line":33,"column":30},"end":{"line":33,"column":50}}},"5":{"name":"isQiniuCallback","line":47,"loc":{"start":{"line":47,"column":0},"end":{"line":47,"column":51}}}},"statementMap":{"1":{"start":{"line":1,"column":0},"end":{"line":1,"column":23}},"2":{"start":{"line":2,"column":0},"end":{"line":2,"column":25}},"3":{"start":{"line":3,"column":0},"end":{"line":3,"column":27}},"4":{"start":{"line":4,"column":0},"end":{"line":4,"column":31}},"5":{"start":{"line":5,"column":0},"end":{"line":5,"column":29}},"6":{"start":{"line":7,"column":0},"end":{"line":7,"column":42}},"7":{"start":{"line":12,"column":0},"end":{"line":15,"column":1}},"8":{"start":{"line":13,"column":2},"end":{"line":13,"column":57}},"9":{"start":{"line":14,"column":2},"end":{"line":14,"column":42}},"10":{"start":{"line":17,"column":0},"end":{"line":19,"column":1}},"11":{"start":{"line":18,"column":2},"end":{"line":18,"column":51}},"12":{"start":{"line":21,"column":0},"end":{"line":28,"column":1}},"13":{"start":{"line":25,"column":2},"end":{"line":25,"column":50}},"14":{"start":{"line":26,"column":2},"end":{"line":26,"column":28}},"15":{"start":{"line":27,"column":2},"end":{"line":27,"column":31}},"16":{"start":{"line":33,"column":0},"end":{"line":45,"column":1}},"17":{"start":{"line":34,"column":2},"end":{"line":34,"column":25}},"18":{"start":{"line":35,"column":2},"end":{"line":35,"column":20}},"19":{"start":{"line":36,"column":2},"end":{"line":36,"column":27}},"20":{"start":{"line":38,"column":2},"end":{"line":40,"column":3}},"21":{"start":{"line":39,"column":4},"end":{"line":39,"column":19}},"22":{"start":{"line":42,"column":2},"end":{"line":42,"column":57}},"23":{"start":{"line":43,"column":2},"end":{"line":43,"column":51}},"24":{"start":{"line":44,"column":2},"end":{"line":44,"column":54}},"25":{"start":{"line":47,"column":0},"end":{"line":50,"column":1}},"26":{"start":{"line":48,"column":2},"end":{"line":48,"column":53}},"27":{"start":{"line":49,"column":2},"end":{"line":49,"column":31}}},"branchMap":{"1":{"line":38,"type":"if","locations":[{"start":{"line":38,"column":2},"end":{"line":38,"column":2}},{"start":{"line":38,"column":2},"end":{"line":38,"column":2}}]}},"code":["var fs = require('fs');","var url = require('url');","var path = require('path');","var crypto = require('crypto');","var conf = require('./conf');","","exports.isQiniuCallback = isQiniuCallback;","","// ------------------------------------------------------------------------------------------","// func encode","","exports.urlsafeBase64Encode = function(jsonFlags) {","  var encoded = new Buffer(jsonFlags).toString('base64');","  return exports.base64ToUrlSafe(encoded);","}","","exports.base64ToUrlSafe = function(v) {","  return v.replace(/\\//g, '_').replace(/\\+/g, '-');","}","","exports.hmacSha1 = function(encodedFlags, secretKey) {","  /*","   *return value already encoded with base64","  * */","  var hmac = crypto.createHmac('sha1', secretKey);","  hmac.update(encodedFlags);","  return hmac.digest('base64');","}","","// ------------------------------------------------------------------------------------------","// func generateAccessToken","","exports.generateAccessToken = function(uri, body) {","  var u = url.parse(uri);","  var path = u.path;","  var access = path + '\\n';","","  if (body) {","    access += body;","  }","","  var digest = exports.hmacSha1(access, conf.SECRET_KEY);","  var safeDigest = exports.base64ToUrlSafe(digest);","  return 'QBox ' + conf.ACCESS_KEY + ':' + safeDigest;","}","","function isQiniuCallback(path, body, callbackAuth) {","  var auth = exports.generateAccessToken(path, body);","  return auth === callbackAuth;","}",""],"l":{"1":1,"2":1,"3":1,"4":1,"5":1,"7":1,"12":1,"13":0,"14":0,"17":1,"18":0,"21":1,"25":0,"26":0,"27":0,"33":1,"34":0,"35":0,"36":0,"38":0,"39":0,"42":0,"43":0,"44":0,"47":1,"48":0,"49":0}},"/home/travis/build/npmtest/node-npmtest-qiniu/node_modules/qiniu/qiniu/io.js":{"path":"/home/travis/build/npmtest/node-npmtest-qiniu/node_modules/qiniu/qiniu/io.js","s":{"1":1,"2":1,"3":1,"4":1,"5":1,"6":1,"7":1,"8":1,"9":1,"10":1,"11":1,"12":1,"13":1,"14":1,"15":1,"16":1,"17":1,"18":1,"19":1,"20":1,"21":0,"22":0,"23":0,"24":0,"25":1,"26":0,"27":0,"28":1,"29":0,"30":0,"31":0,"32":0,"33":0,"34":0,"35":0,"36":0,"37":0,"38":0,"39":0,"40":1,"41":0,"42":0,"43":0,"44":0,"45":0,"46":0,"47":0,"48":0,"49":0,"50":0,"51":0,"52":1,"53":0,"54":1,"55":0,"56":0,"57":0,"58":0,"59":0,"60":0,"61":0,"62":0,"63":0,"64":0,"65":1,"66":0,"67":0,"68":0,"69":0,"70":0,"71":0,"72":0,"73":0,"74":0,"75":0,"76":0,"77":1,"78":0},"b":{"1":[0,0],"2":[0,0],"3":[0,0],"4":[0,0],"5":[0,0],"6":[0,0],"7":[0,0],"8":[0,0],"9":[0,0],"10":[0,0],"11":[0,0],"12":[0,0],"13":[0,0],"14":[0,0],"15":[0,0],"16":[0,0],"17":[0,0],"18":[0,0],"19":[0,0],"20":[0,0]},"f":{"1":0,"2":0,"3":0,"4":0,"5":0,"6":0,"7":0,"8":0,"9":0},"fnMap":{"1":{"name":"PutExtra","line":23,"loc":{"start":{"line":23,"column":0},"end":{"line":23,"column":53}}},"2":{"name":"PutRet","line":31,"loc":{"start":{"line":31,"column":0},"end":{"line":31,"column":27}}},"3":{"name":"putReadable","line":37,"loc":{"start":{"line":37,"column":0},"end":{"line":37,"column":54}}},"4":{"name":"(anonymous_4)","line":49,"loc":{"start":{"line":49,"column":17},"end":{"line":49,"column":32}}},"5":{"name":"put","line":61,"loc":{"start":{"line":61,"column":0},"end":{"line":61,"column":47}}},"6":{"name":"putWithoutKey","line":78,"loc":{"start":{"line":78,"column":0},"end":{"line":78,"column":52}}},"7":{"name":"getMultipart","line":82,"loc":{"start":{"line":82,"column":0},"end":{"line":82,"column":47}}},"8":{"name":"putFile","line":103,"loc":{"start":{"line":103,"column":0},"end":{"line":103,"column":55}}},"9":{"name":"putFileWithoutKey","line":123,"loc":{"start":{"line":123,"column":0},"end":{"line":123,"column":60}}}},"statementMap":{"1":{"start":{"line":1,"column":0},"end":{"line":1,"column":29}},"2":{"start":{"line":2,"column":0},"end":{"line":2,"column":29}},"3":{"start":{"line":3,"column":0},"end":{"line":3,"column":27}},"4":{"start":{"line":4,"column":0},"end":{"line":4,"column":23}},"5":{"start":{"line":5,"column":0},"end":{"line":5,"column":32}},"6":{"start":{"line":6,"column":0},"end":{"line":6,"column":25}},"7":{"start":{"line":7,"column":0},"end":{"line":7,"column":27}},"8":{"start":{"line":8,"column":0},"end":{"line":8,"column":42}},"9":{"start":{"line":9,"column":0},"end":{"line":9,"column":39}},"10":{"start":{"line":10,"column":0},"end":{"line":10,"column":31}},"11":{"start":{"line":11,"column":0},"end":{"line":11,"column":29}},"12":{"start":{"line":13,"column":0},"end":{"line":13,"column":27}},"13":{"start":{"line":14,"column":0},"end":{"line":14,"column":28}},"14":{"start":{"line":15,"column":0},"end":{"line":15,"column":24}},"15":{"start":{"line":16,"column":0},"end":{"line":16,"column":18}},"16":{"start":{"line":17,"column":0},"end":{"line":17,"column":38}},"17":{"start":{"line":18,"column":0},"end":{"line":18,"column":26}},"18":{"start":{"line":19,"column":0},"end":{"line":19,"column":34}},"19":{"start":{"line":20,"column":0},"end":{"line":20,"column":46}},"20":{"start":{"line":23,"column":0},"end":{"line":28,"column":1}},"21":{"start":{"line":24,"column":2},"end":{"line":24,"column":29}},"22":{"start":{"line":25,"column":2},"end":{"line":25,"column":35}},"23":{"start":{"line":26,"column":2},"end":{"line":26,"column":29}},"24":{"start":{"line":27,"column":2},"end":{"line":27,"column":32}},"25":{"start":{"line":31,"column":0},"end":{"line":34,"column":1}},"26":{"start":{"line":32,"column":2},"end":{"line":32,"column":27}},"27":{"start":{"line":33,"column":2},"end":{"line":33,"column":25}},"28":{"start":{"line":37,"column":0},"end":{"line":58,"column":1}},"29":{"start":{"line":38,"column":2},"end":{"line":40,"column":3}},"30":{"start":{"line":39,"column":4},"end":{"line":39,"column":27}},"31":{"start":{"line":41,"column":2},"end":{"line":43,"column":3}},"32":{"start":{"line":42,"column":4},"end":{"line":42,"column":48}},"33":{"start":{"line":45,"column":2},"end":{"line":47,"column":3}},"34":{"start":{"line":46,"column":4},"end":{"line":46,"column":32}},"35":{"start":{"line":49,"column":2},"end":{"line":51,"column":5}},"36":{"start":{"line":50,"column":6},"end":{"line":50,"column":51}},"37":{"start":{"line":53,"column":2},"end":{"line":53,"column":51}},"38":{"start":{"line":55,"column":2},"end":{"line":55,"column":30}},"39":{"start":{"line":57,"column":2},"end":{"line":57,"column":54}},"40":{"start":{"line":61,"column":0},"end":{"line":76,"column":1}},"41":{"start":{"line":62,"column":2},"end":{"line":62,"column":26}},"42":{"start":{"line":63,"column":2},"end":{"line":63,"column":16}},"43":{"start":{"line":64,"column":2},"end":{"line":64,"column":16}},"44":{"start":{"line":66,"column":2},"end":{"line":68,"column":3}},"45":{"start":{"line":67,"column":4},"end":{"line":67,"column":27}},"46":{"start":{"line":69,"column":2},"end":{"line":74,"column":3}},"47":{"start":{"line":70,"column":4},"end":{"line":70,"column":35}},"48":{"start":{"line":71,"column":4},"end":{"line":71,"column":47}},"49":{"start":{"line":72,"column":9},"end":{"line":74,"column":3}},"50":{"start":{"line":73,"column":4},"end":{"line":73,"column":34}},"51":{"start":{"line":75,"column":2},"end":{"line":75,"column":52}},"52":{"start":{"line":78,"column":0},"end":{"line":80,"column":1}},"53":{"start":{"line":79,"column":2},"end":{"line":79,"column":48}},"54":{"start":{"line":82,"column":0},"end":{"line":101,"column":1}},"55":{"start":{"line":84,"column":2},"end":{"line":84,"column":26}},"56":{"start":{"line":86,"column":2},"end":{"line":86,"column":31}},"57":{"start":{"line":87,"column":2},"end":{"line":89,"column":3}},"58":{"start":{"line":88,"column":4},"end":{"line":88,"column":27}},"59":{"start":{"line":90,"column":2},"end":{"line":90,"column":47}},"60":{"start":{"line":92,"column":2},"end":{"line":94,"column":3}},"61":{"start":{"line":93,"column":4},"end":{"line":93,"column":37}},"62":{"start":{"line":96,"column":2},"end":{"line":98,"column":3}},"63":{"start":{"line":97,"column":4},"end":{"line":97,"column":35}},"64":{"start":{"line":100,"column":2},"end":{"line":100,"column":14}},"65":{"start":{"line":103,"column":0},"end":{"line":121,"column":1}},"66":{"start":{"line":105,"column":2},"end":{"line":105,"column":41}},"67":{"start":{"line":107,"column":2},"end":{"line":109,"column":3}},"68":{"start":{"line":108,"column":4},"end":{"line":108,"column":27}},"69":{"start":{"line":110,"column":2},"end":{"line":115,"column":3}},"70":{"start":{"line":111,"column":4},"end":{"line":111,"column":56}},"71":{"start":{"line":112,"column":4},"end":{"line":112,"column":47}},"72":{"start":{"line":113,"column":9},"end":{"line":115,"column":3}},"73":{"start":{"line":114,"column":4},"end":{"line":114,"column":34}},"74":{"start":{"line":116,"column":2},"end":{"line":118,"column":3}},"75":{"start":{"line":117,"column":4},"end":{"line":117,"column":43}},"76":{"start":{"line":120,"column":2},"end":{"line":120,"column":53}},"77":{"start":{"line":123,"column":0},"end":{"line":125,"column":1}},"78":{"start":{"line":124,"column":2},"end":{"line":124,"column":56}}},"branchMap":{"1":{"line":24,"type":"binary-expr","locations":[{"start":{"line":24,"column":16},"end":{"line":24,"column":22}},{"start":{"line":24,"column":26},"end":{"line":24,"column":28}}]},"2":{"line":25,"type":"binary-expr","locations":[{"start":{"line":25,"column":18},"end":{"line":25,"column":26}},{"start":{"line":25,"column":30},"end":{"line":25,"column":34}}]},"3":{"line":26,"type":"binary-expr","locations":[{"start":{"line":26,"column":15},"end":{"line":26,"column":20}},{"start":{"line":26,"column":24},"end":{"line":26,"column":28}}]},"4":{"line":27,"type":"binary-expr","locations":[{"start":{"line":27,"column":18},"end":{"line":27,"column":26}},{"start":{"line":27,"column":30},"end":{"line":27,"column":31}}]},"5":{"line":32,"type":"binary-expr","locations":[{"start":{"line":32,"column":14},"end":{"line":32,"column":18}},{"start":{"line":32,"column":22},"end":{"line":32,"column":26}}]},"6":{"line":33,"type":"binary-expr","locations":[{"start":{"line":33,"column":13},"end":{"line":33,"column":16}},{"start":{"line":33,"column":20},"end":{"line":33,"column":24}}]},"7":{"line":38,"type":"if","locations":[{"start":{"line":38,"column":2},"end":{"line":38,"column":2}},{"start":{"line":38,"column":2},"end":{"line":38,"column":2}}]},"8":{"line":41,"type":"if","locations":[{"start":{"line":41,"column":2},"end":{"line":41,"column":2}},{"start":{"line":41,"column":2},"end":{"line":41,"column":2}}]},"9":{"line":45,"type":"if","locations":[{"start":{"line":45,"column":2},"end":{"line":45,"column":2}},{"start":{"line":45,"column":2},"end":{"line":45,"column":2}}]},"10":{"line":66,"type":"if","locations":[{"start":{"line":66,"column":2},"end":{"line":66,"column":2}},{"start":{"line":66,"column":2},"end":{"line":66,"column":2}}]},"11":{"line":69,"type":"if","locations":[{"start":{"line":69,"column":2},"end":{"line":69,"column":2}},{"start":{"line":69,"column":2},"end":{"line":69,"column":2}}]},"12":{"line":72,"type":"if","locations":[{"start":{"line":72,"column":9},"end":{"line":72,"column":9}},{"start":{"line":72,"column":9},"end":{"line":72,"column":9}}]},"13":{"line":72,"type":"binary-expr","locations":[{"start":{"line":72,"column":13},"end":{"line":72,"column":32}},{"start":{"line":72,"column":36},"end":{"line":72,"column":47}}]},"14":{"line":87,"type":"if","locations":[{"start":{"line":87,"column":2},"end":{"line":87,"column":2}},{"start":{"line":87,"column":2},"end":{"line":87,"column":2}}]},"15":{"line":92,"type":"if","locations":[{"start":{"line":92,"column":2},"end":{"line":92,"column":2}},{"start":{"line":92,"column":2},"end":{"line":92,"column":2}}]},"16":{"line":107,"type":"if","locations":[{"start":{"line":107,"column":2},"end":{"line":107,"column":2}},{"start":{"line":107,"column":2},"end":{"line":107,"column":2}}]},"17":{"line":110,"type":"if","locations":[{"start":{"line":110,"column":2},"end":{"line":110,"column":2}},{"start":{"line":110,"column":2},"end":{"line":110,"column":2}}]},"18":{"line":113,"type":"if","locations":[{"start":{"line":113,"column":9},"end":{"line":113,"column":9}},{"start":{"line":113,"column":9},"end":{"line":113,"column":9}}]},"19":{"line":113,"type":"binary-expr","locations":[{"start":{"line":113,"column":13},"end":{"line":113,"column":32}},{"start":{"line":113,"column":36},"end":{"line":113,"column":47}}]},"20":{"line":116,"type":"if","locations":[{"start":{"line":116,"column":2},"end":{"line":116,"column":2}},{"start":{"line":116,"column":2},"end":{"line":116,"column":2}}]}},"code":["var conf = require('./conf');","var util = require('./util');","var rpc = require('./rpc');","var fs = require('fs');","var getCrc32 = require('crc32');","var url = require('url');","var mime = require('mime');","var Readable = require('stream').Readable;","var formstream = require('formstream');","var urllib = require('urllib');","var zone = require('./zone');","","exports.UNDEFINED_KEY = '?'","exports.PutExtra = PutExtra;","exports.PutRet = PutRet;","exports.put = put;","exports.putWithoutKey = putWithoutKey;","exports.putFile = putFile;","exports.putReadable = putReadable;","exports.putFileWithoutKey = putFileWithoutKey;","","// @gist PutExtra","function PutExtra(params, mimeType, crc32, checkCrc) {","  this.params = params || {};","  this.mimeType = mimeType || null;","  this.crc32 = crc32 || null;","  this.checkCrc = checkCrc || 0;","}","// @endgist","","function PutRet(hash, key) {","  this.hash = hash || null;","  this.key = key || null;","}","","// onret: callback function instead of ret","function putReadable (uptoken, key, rs, extra, onret) {","  if (!extra) {","    extra = new PutExtra();","  }","  if (!extra.mimeType) {","    extra.mimeType = 'application/octet-stream';","  }","","  if (!key) {","    key = exports.UNDEFINED_KEY;","  }","","  rs.on(\"error\", function (err) {","      onret({code: -1, error: err.toString()}, {});","  });","","  var form = getMultipart(uptoken, key, rs, extra);","  // 设置上传域名","  zone.up_host(uptoken, conf);","","  return rpc.postMultipart(conf.UP_HOST, form, onret);","}","","","function put(uptoken, key, body, extra, onret) {","  var rs = new Readable();","  rs.push(body);","  rs.push(null);","","  if (!extra) {","    extra = new PutExtra();","  }","  if (extra.checkCrc == 1) {","    var bodyCrc32 = getCrc32(body);","    extra.crc32 = '' + parseInt(bodyCrc32, 16);","  } else if (extra.checkCrc == 2 && extra.crc32) {","    extra.crc32 = '' + extra.crc32","  }","  return putReadable(uptoken, key, rs, extra, onret)","}","","function putWithoutKey(uptoken, body, extra, onret) {","  return put(uptoken, null, body, extra, onret);","}","","function getMultipart(uptoken, key, rs, extra) {","","  var form = formstream();","","  form.field('token', uptoken);","  if (key != exports.UNDEFINED_KEY) {","    form.field('key', key);","  }","  form.stream('file', rs, key, extra.mimeType);","","  if (extra.crc32) {","    form.field('crc32', extra.crc32);","  }","","  for (var k in extra.params) {","    form.field(k, extra.params[k]);","  }","","  return form;","}","","function putFile(uptoken, key, loadFile, extra, onret) {","","  var rs = fs.createReadStream(loadFile);","","  if (!extra) {","    extra = new PutExtra();","  }","  if (extra.checkCrc == 1) {","    var fileCrc32 = getCrc32(fs.readFileSync(loadFile));","    extra.crc32 = '' + parseInt(fileCrc32, 16);","  } else if (extra.checkCrc == 2 && extra.crc32) {","    extra.crc32 = '' + extra.crc32","  }","  if (!extra.mimeType) {","    extra.mimeType = mime.lookup(loadFile);","  }","","  return putReadable(uptoken, key, rs, extra, onret);","}","","function putFileWithoutKey(uptoken, loadFile, extra, onret) {","  return putFile(uptoken, null, loadFile, extra, onret);","}",""],"l":{"1":1,"2":1,"3":1,"4":1,"5":1,"6":1,"7":1,"8":1,"9":1,"10":1,"11":1,"13":1,"14":1,"15":1,"16":1,"17":1,"18":1,"19":1,"20":1,"23":1,"24":0,"25":0,"26":0,"27":0,"31":1,"32":0,"33":0,"37":1,"38":0,"39":0,"41":0,"42":0,"45":0,"46":0,"49":0,"50":0,"53":0,"55":0,"57":0,"61":1,"62":0,"63":0,"64":0,"66":0,"67":0,"69":0,"70":0,"71":0,"72":0,"73":0,"75":0,"78":1,"79":0,"82":1,"84":0,"86":0,"87":0,"88":0,"90":0,"92":0,"93":0,"96":0,"97":0,"100":0,"103":1,"105":0,"107":0,"108":0,"110":0,"111":0,"112":0,"113":0,"114":0,"116":0,"117":0,"120":0,"123":1,"124":0}},"/home/travis/build/npmtest/node-npmtest-qiniu/node_modules/qiniu/qiniu/rpc.js":{"path":"/home/travis/build/npmtest/node-npmtest-qiniu/node_modules/qiniu/qiniu/rpc.js","s":{"1":1,"2":1,"3":1,"4":1,"5":1,"6":1,"7":1,"8":0,"9":1,"10":0,"11":0,"12":0,"13":0,"14":1,"15":0,"16":0,"17":0,"18":0,"19":1,"20":0,"21":0,"22":0,"23":0,"24":0,"25":0,"26":0,"27":0,"28":0,"29":0,"30":0,"31":0,"32":0,"33":0},"b":{"1":[0,0],"2":[0,0],"3":[0,0],"4":[0,0],"5":[0,0],"6":[0,0],"7":[0,0],"8":[0,0],"9":[0,0],"10":[0,0,0],"11":[0,0,0,0]},"f":{"1":0,"2":0,"3":0,"4":0,"5":0},"fnMap":{"1":{"name":"postMultipart","line":9,"loc":{"start":{"line":9,"column":0},"end":{"line":9,"column":41}}},"2":{"name":"postWithForm","line":13,"loc":{"start":{"line":13,"column":0},"end":{"line":13,"column":47}}},"3":{"name":"postWithoutForm","line":23,"loc":{"start":{"line":23,"column":0},"end":{"line":23,"column":44}}},"4":{"name":"post","line":33,"loc":{"start":{"line":33,"column":0},"end":{"line":33,"column":42}}},"5":{"name":"(anonymous_5)","line":52,"loc":{"start":{"line":52,"column":38},"end":{"line":52,"column":65}}}},"statementMap":{"1":{"start":{"line":1,"column":0},"end":{"line":1,"column":31}},"2":{"start":{"line":2,"column":0},"end":{"line":2,"column":29}},"3":{"start":{"line":3,"column":0},"end":{"line":3,"column":29}},"4":{"start":{"line":5,"column":0},"end":{"line":5,"column":38}},"5":{"start":{"line":6,"column":0},"end":{"line":6,"column":36}},"6":{"start":{"line":7,"column":0},"end":{"line":7,"column":42}},"7":{"start":{"line":9,"column":0},"end":{"line":11,"column":1}},"8":{"start":{"line":10,"column":2},"end":{"line":10,"column":48}},"9":{"start":{"line":13,"column":0},"end":{"line":21,"column":1}},"10":{"start":{"line":14,"column":2},"end":{"line":16,"column":4}},"11":{"start":{"line":17,"column":2},"end":{"line":19,"column":3}},"12":{"start":{"line":18,"column":4},"end":{"line":18,"column":37}},"13":{"start":{"line":20,"column":2},"end":{"line":20,"column":41}},"14":{"start":{"line":23,"column":0},"end":{"line":31,"column":1}},"15":{"start":{"line":24,"column":2},"end":{"line":26,"column":4}},"16":{"start":{"line":27,"column":2},"end":{"line":29,"column":3}},"17":{"start":{"line":28,"column":4},"end":{"line":28,"column":37}},"18":{"start":{"line":30,"column":2},"end":{"line":30,"column":41}},"19":{"start":{"line":33,"column":0},"end":{"line":61,"column":1}},"20":{"start":{"line":34,"column":2},"end":{"line":34,"column":26}},"21":{"start":{"line":35,"column":2},"end":{"line":35,"column":67}},"22":{"start":{"line":37,"column":2},"end":{"line":42,"column":4}},"23":{"start":{"line":44,"column":2},"end":{"line":50,"column":3}},"24":{"start":{"line":45,"column":4},"end":{"line":45,"column":24}},"25":{"start":{"line":46,"column":9},"end":{"line":50,"column":3}},"26":{"start":{"line":47,"column":4},"end":{"line":47,"column":23}},"27":{"start":{"line":49,"column":4},"end":{"line":49,"column":39}},"28":{"start":{"line":52,"column":2},"end":{"line":58,"column":5}},"29":{"start":{"line":53,"column":4},"end":{"line":53,"column":20}},"30":{"start":{"line":54,"column":4},"end":{"line":56,"column":5}},"31":{"start":{"line":55,"column":6},"end":{"line":55,"column":83}},"32":{"start":{"line":57,"column":4},"end":{"line":57,"column":30}},"33":{"start":{"line":60,"column":2},"end":{"line":60,"column":13}}},"branchMap":{"1":{"line":17,"type":"if","locations":[{"start":{"line":17,"column":2},"end":{"line":17,"column":2}},{"start":{"line":17,"column":2},"end":{"line":17,"column":2}}]},"2":{"line":27,"type":"if","locations":[{"start":{"line":27,"column":2},"end":{"line":27,"column":2}},{"start":{"line":27,"column":2},"end":{"line":27,"column":2}}]},"3":{"line":34,"type":"binary-expr","locations":[{"start":{"line":34,"column":12},"end":{"line":34,"column":19}},{"start":{"line":34,"column":23},"end":{"line":34,"column":25}}]},"4":{"line":35,"type":"binary-expr","locations":[{"start":{"line":35,"column":26},"end":{"line":35,"column":47}},{"start":{"line":35,"column":51},"end":{"line":35,"column":66}}]},"5":{"line":44,"type":"if","locations":[{"start":{"line":44,"column":2},"end":{"line":44,"column":2}},{"start":{"line":44,"column":2},"end":{"line":44,"column":2}}]},"6":{"line":44,"type":"binary-expr","locations":[{"start":{"line":44,"column":6},"end":{"line":44,"column":27}},{"start":{"line":44,"column":31},"end":{"line":44,"column":55}}]},"7":{"line":46,"type":"if","locations":[{"start":{"line":46,"column":9},"end":{"line":46,"column":9}},{"start":{"line":46,"column":9},"end":{"line":46,"column":9}}]},"8":{"line":54,"type":"if","locations":[{"start":{"line":54,"column":4},"end":{"line":54,"column":4}},{"start":{"line":54,"column":4},"end":{"li
[...]
= util.urlsafeBase64Encode(JSON.stringify(flags));","  var encoded = util.hmacSha1(encodedFlags, mac.secretKey);","  var encodedSign = util.base64ToUrlSafe(encoded);","  var uploadToken = mac.accessKey + ':' + encodedSign + ':' + encodedFlags;","  return uploadToken;","}","","PutPolicy.prototype.getFlags = function() {","  var flags = {};","  var attrs = ['scope', 'insertOnly', 'saveKey', 'endUser', 'returnUrl', 'returnBody', 'callbackUrl', 'callbackHost', 'callbackBody', 'callbackBodyType', 'callbackFetchKey', 'persistentOps', 'persistentNotifyUrl', 'persistentPipeline', 'fsizeLimit', 'detectMime', 'mimeLimit'];","","  for (var i = attrs.length - 1; i >= 0; i--) {","    if (this[attrs[i]] !== null) {","      flags[attrs[i]] = this[attrs[i]];","    }","  }","","  flags['deadline'] = this.expires + Math.floor(Date.now() / 1000);","","  return flags;","}","","function PutPolicy2(putPolicyObj) {","","  if (typeof putPolicyObj !== 'object') {","    return false;","  }","","  this.scope = putPolicyObj.scope || null;","  this.expires = putPolicyObj.expires || 3600;","  this.insertOnly = putPolicyObj.insertOnly || null;","","  this.saveKey = putPolicyObj.saveKey || null;","  this.endUser = putPolicyObj.endUser || null;","","  this.returnUrl = putPolicyObj.returnUrl || null;","  this.returnBody = putPolicyObj.returnBody || null;","","  this.callbackUrl = putPolicyObj.callbackUrl || null;","  this.callbackHost = putPolicyObj.callbackHost || null;","  this.callbackBody = putPolicyObj.callbackBody || null;","  this.callbackBodyType = putPolicyObj.callbackBodyType || null;","  this.callbackFetchKey = putPolicyObj.callbackFetchKey || null;","","  this.persistentOps = putPolicyObj.persistentOps || null;","  this.persistentNotifyUrl = putPolicyObj.persistentNotifyUrl || null;","  this.persistentPipeline = putPolicyObj.persistentPipeline || null;","","  this.fsizeLimit = putPolicyObj.fsizeLimit || null;","","  this.fsizeMin = putPolicyObj.fsizeMin || null;","","  this.detectMime = putPolicyObj.detectMime || null;","","  this.mimeLimit = putPolicyObj.mimeLimit || null;","","  this.deleteAfterDays = putPolicyObj.deleteAfterDays || null;","","}","","PutPolicy2.prototype.token = function(mac) {","  if (mac == null) {","    mac = new Mac(conf.ACCESS_KEY, conf.SECRET_KEY);","  }","  var flags = this.getFlags();","  var encodedFlags = util.urlsafeBase64Encode(JSON.stringify(flags));","  var encoded = util.hmacSha1(encodedFlags, mac.secretKey);","  var encodedSign = util.base64ToUrlSafe(encoded);","  var uploadToken = mac.accessKey + ':' + encodedSign + ':' + encodedFlags;","  return uploadToken;","}","","PutPolicy2.prototype.getFlags = function() {","  var flags = {};","  var attrs = ['scope', 'insertOnly', 'saveKey', 'endUser', 'returnUrl', 'returnBody', 'callbackUrl', 'callbackHost', 'callbackBody', 'callbackBodyType', 'callbackFetchKey', 'persistentOps', 'persistentNotifyUrl', 'persistentPipeline', 'fsizeLimit','fsizeMin', 'detectMime', 'mimeLimit', 'deleteAfterDays'];","","  for (var i = attrs.length - 1; i >= 0; i--) {","    if (this[attrs[i]] !== null) {","      flags[attrs[i]] = this[attrs[i]];","    }","  }","","  flags['deadline'] = this.expires + Math.floor(Date.now() / 1000);","","  return flags;","}","","function GetPolicy(expires) {","  this.expires = expires || 3600;","}","","GetPolicy.prototype.makeRequest = function(baseUrl, mac) {","  if (!mac) {","    mac = new Mac(conf.ACCESS_KEY, conf.SECRET_KEY);","  }","","  var deadline = this.expires + Math.floor(Date.now() / 1000);","","  if (baseUrl.indexOf('?') >= 0) {","    baseUrl += '&e=';","  } else {","    baseUrl += '?e=';","  }","  baseUrl += deadline;","","  var signature = util.hmacSha1(baseUrl, mac.secretKey);","  var encodedSign = util.base64ToUrlSafe(signature);","  var downloadToken = mac.accessKey + ':' + encodedSign;","","  return baseUrl + '&token=' + downloadToken;","}","","// domain maybe 'http://hello.qiniu.com', 'https://hello.qiniu.com' and 'hello.qiniu.com'","// query like '-thumbnail', '?imageMogr2/thumbnail/960x' and so on","function makeBaseUrl(domain, key, query) {","  key = new Buffer(key);","  return (/^https?:\\/\\//.test(domain) ? domain : 'http://' + domain) + '/' + querystring.escape(key) + (query || '');","}",""],"l":{"1":1,"2":1,"3":1,"4":1,"5":1,"6":1,"7":1,"8":1,"11":1,"12":1,"13":1,"14":1,"15":1,"16":1,"18":1,"19":1,"20":1,"21":1,"23":1,"24":0,"27":1,"28":0,"29":0,"30":0,"32":0,"35":1,"39":0,"40":0,"41":0,"42":0,"45":1,"46":0,"47":0,"48":0,"49":0,"50":0,"53":1,"55":0,"56":0,"57":0,"59":0,"60":0,"63":1,"64":0,"65":0,"66":0,"68":0,"69":0,"72":1,"74":0,"75":0,"76":0,"78":0,"79":0,"83":1,"84":0,"85":0,"86":0,"87":0,"88":0,"91":1,"92":0,"93":0,"94":0,"95":0,"96":0,"101":1,"102":0,"103":0,"106":1,"107":0,"110":1,"111":0,"114":1,"115":0,"116":0,"119":1,"120":0,"122":0,"126":0,"130":1,"131":0,"132":0,"135":1,"136":0,"137":0,"138":0,"141":1,"142":0,"145":1,"146":0,"149":1,"150":0,"153":1,"155":0,"159":1,"160":0,"163":1,"165":0,"170":1,"171":0,"172":0,"173":0,"176":0,"177":0,"178":0,"181":1,"182":0,"183":0,"184":0,"187":0,"188":0,"189":0,"190":0,"193":1,"194":0,"199":1,"200":0,"201":0,"202":0,"203":0,"204":0,"205":0,"206":0,"207":0,"208":0,"212":1,"213":0,"214":0,"216":0,"217":0,"218":0,"219":0,"220":0,"221":0,"224":1,"225":0,"226":0,"228":0,"229":0,"230":0,"234":0,"236":0,"239":1,"241":0,"242":0,"245":0,"246":0,"247":0,"249":0,"250":0,"252":0,"253":0,"255":0,"256":0,"257":0,"258":0,"259":0,"261":0,"262":0,"263":0,"265":0,"267":0,"269":0,"271":0,"273":0,"277":1,"278":0,"279":0,"281":0,"282":0,"283":0,"284":0,"285":0,"286":0,"289":1,"290":0,"291":0,"293":0,"294":0,"295":0,"299":0,"301":0,"304":1,"305":0,"308":1,"309":0,"310":0,"313":0,"315":0,"316":0,"318":0,"320":0,"322":0,"323":0,"324":0,"326":0,"331":1,"332":0,"333":0}},"/home/travis/build/npmtest/node-npmtest-qiniu/node_modules/qiniu/qiniu/rsf.js":{"path":"/home/travis/build/npmtest/node-npmtest-qiniu/node_modules/qiniu/qiniu/rsf.js","s":{"1":1,"2":1,"3":1,"4":1,"5":0,"6":0,"7":0,"8":1,"9":0,"10":0,"11":0,"12":0,"13":0,"14":0,"15":0,"16":0,"17":0,"18":0,"19":1,"20":0,"21":0,"22":0,"23":0,"24":0,"25":0},"b":{"1":[0,0],"2":[0,0],"3":[0,0],"4":[0,0],"5":[0,0],"6":[0,0],"7":[0,0],"8":[0,0],"9":[0,0],"10":[0,0]},"f":{"1":0,"2":0,"3":0},"fnMap":{"1":{"name":"(anonymous_1)","line":5,"loc":{"start":{"line":5,"column":21},"end":{"line":5,"column":79}}},"2":{"name":"getPrefixUri","line":12,"loc":{"start":{"line":12,"column":0},"end":{"line":12,"column":64}}},"3":{"name":"ListItem","line":33,"loc":{"start":{"line":33,"column":0},"end":{"line":33,"column":64}}}},"statementMap":{"1":{"start":{"line":1,"column":0},"end":{"line":1,"column":27}},"2":{"start":{"line":2,"column":0},"end":{"line":2,"column":29}},"3":{"start":{"line":3,"column":0},"end":{"line":3,"column":29}},"4":{"start":{"line":5,"column":0},"end":{"line":10,"column":1}},"5":{"start":{"line":6,"column":2},"end":{"line":6,"column":67}},"6":{"start":{"line":7,"column":2},"end":{"line":7,"column":51}},"7":{"start":{"line":9,"column":2},"end":{"line":9,"column":41}},"8":{"start":{"line":12,"column":0},"end":{"line":31,"column":1}},"9":{"start":{"line":13,"column":2},"end":{"line":13,"column":63}},"10":{"start":{"line":14,"column":2},"end":{"line":16,"column":3}},"11":{"start":{"line":15,"column":4},"end":{"line":15,"column":36}},"12":{"start":{"line":18,"column":2},"end":{"line":20,"column":3}},"13":{"start":{"line":19,"column":4},"end":{"line":19,"column":34}},"14":{"start":{"line":22,"column":2},"end":{"line":24,"column":3}},"15":{"start":{"line":23,"column":4},"end":{"line":23,"column":36}},"16":{"start":{"line":26,"column":2},"end":{"line":28,"column":3}},"17":{"start":{"line":27,"column":4},"end":{"line":27,"column":42}},"18":{"start":{"line":30,"column":2},"end":{"line":30,"column":13}},"19":{"start":{"line":33,"column":0},"end":{"line":40,"column":1}},"20":{"start":{"line":34,"column":2},"end":{"line":34,"column":25}},"21":{"start":{"line":35,"column":2},"end":{"line":35,"column":27}},"22":{"start":{"line":36,"column":2},"end":{"line":36,"column":29}},"23":{"start":{"line":37,"column":2},"end":{"line":37,"column":33}},"24":{"start":{"line":38,"column":2},"end":{"line":38,"column":35}},"25":{"start":{"line":39,"column":2},"end":{"line":39,"column":33}}},"branchMap":{"1":{"line":14,"type":"if","locations":[{"start":{"line":14,"column":2},"end":{"line":14,"column":2}},{"start":{"line":14,"column":2},"end":{"line":14,"column":2}}]},"2":{"line":18,"type":"if","locations":[{"start":{"line":18,"column":2},"end":{"line":18,"column":2}},{"start":{"line":18,"column":2},"end":{"line":18,"column":2}}]},"3":{"line":22,"type":"if","locations":[{"start":{"line":22,"column":2},"end":{"line":22,"column":2}},{"start":{"line":22,"column":2},"end":{"line":22,"column":2}}]},"4":{"line":26,"type":"if","locations":[{"start":{"line":26,"column":2},"end":{"line":26,"column":2}},{"start":{"line":26,"column":2},"end":{"line":26,"column":2}}]},"5":{"line":34,"type":"binary-expr","locations":[{"start":{"line":34,"column":13},"end":{"line":34,"column":16}},{"start":{"line":34,"column":20},"end":{"line":34,"column":24}}]},"6":{"line":35,"type":"binary-expr","locations":[{"start":{"line":35,"column":14},"end":{"line":35,"column":18}},{"start":{"line":35,"column":22},"end":{"line":35,"column":26}}]},"7":{"line":36,"type":"binary-expr","locations":[{"start":{"line":36,"column":15},"end":{"line":36,"column":20}},{"start":{"line":36,"column":24},"end":{"line":36,"column":28}}]},"8":{"line":37,"type":"binary-expr","locations":[{"start":{"line":37,"column":17},"end":{"line":37,"column":24}},{"start":{"line":37,"column":28},"end":{"line":37,"column":32}}]},"9":{"line":38,"type":"binary-expr","locations":[{"start":{"line":38,"column":18},"end":{"line":38,"column":26}},{"start":{"line":38,"column":30},"end":{"line":38,"column":34}}]},"10":{"line":39,"type":"binary-expr","locations":[{"start":{"line":39,"column":17},"end":{"line":39,"column":24}},{"start":{"line":39,"column":28},"end":{"line":39,"column":32}}]}},"code":["var rpc = require('./rpc');","var conf = require('./conf');","var util = require('./util');","","exports.listPrefix = function(bucket, prefix, marker, limit, delimiter, onret) {","  var uri = getPrefixUri(bucket, prefix, marker, limit, delimiter);","  var digest = util.generateAccessToken(uri, null);","","  rpc.postWithoutForm(uri, digest, onret)","}","","function getPrefixUri(bucket, prefix, marker, limit, delimiter) {","  var uri = conf.RSF_HOST + '/' + 'list?' + 'bucket=' + bucket;","  if (marker) {","    uri += '&' + 'marker=' + marker;","  }","","  if (limit) {","    uri += '&' + 'limit=' + limit;","  }","","  if (prefix) {","    uri += '&' + 'prefix=' + prefix;","  }","","  if(delimiter){","    uri += '&' + 'delimiter=' + delimiter;","  }","","  return uri;","}","","function ListItem(key, hash, fsize, putTime, mimeType, endUser) {","  this.key = key || null;","  this.hash = hash || null;","  this.fsize = fsize || null;","  this.putTime = putTime || null;","  this.mimeType = mimeType || null;","  this.endUser = endUser || null;","}",""],"l":{"1":1,"2":1,"3":1,"5":1,"6":0,"7":0,"9":0,"12":1,"13":0,"14":0,"15":0,"18":0,"19":0,"22":0,"23":0,"26":0,"27":0,"30":0,"33":1,"34":0,"35":0,"36":0,"37":0,"38":0,"39":0}},"/home/travis/build/npmtest/node-npmtest-qiniu/node_modules/qiniu/qiniu/fop.js":{"path":"/home/travis/build/npmtest/node-npmtest-qiniu/node_modules/qiniu/qiniu/fop.js","s":{"1":1,"2":1,"3":1,"4":1,"5":1,"6":1,"7":1,"8":1,"9":1,"10":0,"11":0,"12":0,"13":0,"14":0,"15":1,"16":0,"17":0,"18":0,"19":0,"20":0,"21":0,"22":0,"23":0,"24":0,"25":0,"26":1,"27":1,"28":0,"29":1,"30":1,"31":0,"32":1,"33":0,"34":0,"35":0,"36":0,"37":0,"38":0,"39":0,"40":0,"41":0,"42":0,"43":0,"44":0,"45":0},"b":{"1":[0,0],"2":[0,0],"3":[0,0],"4":[0,0],"5":[0,0],"6":[0,0],"7":[0,0],"8":[0,0],"9":[0,0],"10":[0,0],"11":[0,0],"12":[0,0],"13":[0,0]},"f":{"1":0,"2":0,"3":0,"4":0,"5":0,"6":0,"7":0},"fnMap":{"1":{"name":"ImageView","line":12,"loc":{"start":{"line":12,"column":0},"end":{"line":12,"column":57}}},"2":{"name":"(anonymous_2)","line":20,"loc":{"start":{"line":20,"column":34},"end":{"line":20,"column":48}}},"3":{"name":"ImageInfo","line":42,"loc":{"start":{"line":42,"column":0},"end":{"line":42,"column":21}}},"4":{"name":"(anonymous_4)","line":44,"loc":{"start":{"line":44,"column":34},"end":{"line":44,"column":48}}},"5":{"name":"Exif","line":48,"loc":{"start":{"line":48,"column":0},"end":{"line":48,"column":16}}},"6":{"name":"(anonymous_6)","line":50,"loc":{"start":{"line":50,"column":29},"end":{"line":50,"column":43}}},"7":{"name":"pfop","line":55,"loc":{"start":{"line":55,"column":0},"end":{"line":55,"column":46}}}},"statementMap":{"1":{"start":{"line":1,"column":0},"end":{"line":1,"column":29}},"2":{"start":{"line":2,"column":0},"end":{"line":2,"column":27}},"3":{"start":{"line":3,"column":0},"end":{"line":3,"column":29}},"4":{"start":{"line":5,"column":0},"end":{"line":5,"column":41}},"5":{"start":{"line":7,"column":0},"end":{"line":7,"column":30}},"6":{"start":{"line":8,"column":0},"end":{"line":8,"column":30}},"7":{"start":{"line":9,"column":0},"end":{"line":9,"column":20}},"8":{"start":{"line":10,"column":0},"end":{"line":10,"column":20}},"9":{"start":{"line":12,"column":0},"end":{"line":18,"column":1}},"10":{"start":{"line":13,"column":2},"end":{"line":13,"column":24}},"11":{"start":{"line":14,"column":2},"end":{"line":14,"column":26}},"12":{"start":{"line":15,"column":2},"end":{"line":15,"column":28}},"13":{"start":{"line":16,"column":2},"end":{"line":16,"column":30}},"14":{"start":{"line":17,"column":2},"end":{"line":17,"column":31}},"15":{"start":{"line":20,"column":0},"end":{"line":40,"column":1}},"16":{"start":{"line":21,"column":2},"end":{"line":21,"column":36}},"17":{"start":{"line":23,"column":2},"end":{"line":25,"column":3}},"18":{"start":{"line":24,"column":4},"end":{"line":24,"column":30}},"19":{"start":{"line":27,"column":2},"end":{"line":29,"column":3}},"20":{"start":{"line":28,"column":4},"end":{"line":28,"column":31}},"21":{"start":{"line":31,"column":2},"end":{"line":33,"column":3}},"22":{"start":{"line":32,"column":4},"end":{"line":32,"column":32}},"23":{"start":{"line":35,"column":2},"end":{"line":37,"column":3}},"24":{"start":{"line":36,"column":4},"end":{"line":36,"column":36}},"25":{"start":{"line":39,"column":2},"end":{"line":39,"column":13}},"26":{"start":{"line":42,"column":0},"end":{"line":42,"column":23}},"27":{"start":{"line":44,"column":0},"end":{"line":46,"column":1}},"28":{"start":{"line":45,"column":2},"end":{"line":45,"column":27}},"29":{"start":{"line":48,"column":0},"end":{"line":48,"column":18}},"30":{"start":{"line":50,"column":0},"end":{"line":52,"column":1}},"31":{"start":{"line":51,"column":2},"end":{"line":51,"column":22}},"32":{"start":{"line":55,"column":0},"end":{"line":80,"column":1}},"33":{"start":{"line":57,"column":2},"end":{"line":57,"column":20}},"34":{"start":{"line":59,"column":2},"end":{"line":63,"column":4}},"35":{"start":{"line":64,"column":2},"end":{"line":68,"column":3}},"36":{"start":{"line":65,"column":4},"end":{"line":65,"column":37}},"37":{"start":{"line":67,"column":4},"end":{"line":67,"column":37}},"38":{"start":{"line":69,"column":2},"end":{"line":71,"column":3}},"39":{"start":{"line":70,"column":4},"end":{"line":70,"column":20}},"40":{"start":{"line":72,"column":2},"end":{"line":74,"column":3}},"41":{"start":{"line":73,"column":4},"end":{"line":73,"column":35}},"42":{"start":{"line":76,"column":2},"end":{"line":76,"column":37}},"43":{"start":{"line":77,"column":2},"end":{"line":77,"column":42}},"44":{"start":{"line":78,"column":2},"end":{"line":78,"column":49}},"45":{"start":{"line":79,"column":2},"end":{"line":79,"column":43}}},"branchMap":{"1":{"line":13,"type":"binary-expr","locations":[{"start":{"line":13,"column":14},"end":{"line":13,"column":18}},{"start":{"line":13,"column":22},"end":{"line":13,"column":23}}]},"2":{"line":14,"type":"binary-expr","locations":[{"start":{"line":14,"column":15},"end":{"line":14,"column":20}},{"start":{"line":14,"column":24},"end":{"line":14,"column":25}}]},"3":{"line":15,"type":"binary-expr","locations":[{"start":{"line":15,"column":16},"end":{"line":15,"column":22}},{"start":{"line":15,"column":26},"end":{"line":15,"column":27}}]},"4":{"line":16,"type":"binary-expr","locations":[{"start":{"line":16,"column":17},"end":{"line":16,"column":24}},{"start":{"line":16,"column":28},"end":{"line":16,"column":29}}]},"5":{"line":17,"type":"binary-expr","locations":[{"start":{"line":17,"column":16},"end":{"line":17,"column":22}},{"start":{"line":17,"column":26},"end":{"line":17,"column":30}}]},"6":{"line":23,"type":"if","locations":[{"start":{"line":23,"column":2},"end":{"line":23,"column":2}},{"start":{"line":23,"column":2},"end":{"line":23,"column":2}}]},"7":{"line":27,"type":"if","locations":[{"start":{"line":27,"column":2},"end":{"line":27,"column":2}},{"start":{"line":27,"column":2},"end":{"line":27,"column":2}}]},"8":{"line":31,"type":"if","locations":[{"start":{"line":31,"column":2},"end":{"line":31,"column":2}},{"start":{"line":31,"column":2},"end":{"line":31,"column":2}}]},"9":{"line":35,"type":"if","locations":[{"start":{"line":35,"column":2},"end":{"line":35,"column":2}},{"start":{"line":35,"column":2},"end":{"line":35,"column":2}}]},"10":{"line":57,"type":"binary-expr","locations":[{"start":{"line":57,"column":9},"end":{"line":57,"column":13}},{"start":{"line":57,"column":17},"end":{"line":57,"column":19}}]},"11":{"line":64,"type":"if","locations":[{"start":{"line":64,"column":2},"end":{"line":64,"column":2}},{"start":{"line":64,"column":2},"end":{"line":64,"column":2}}]},"12":{"line":69,"type":"if","locations":[{"start":{"line":69,"column":2},"end":{"line":69,"column":2}},{"start":{"line":69,"column":2},"end":{"line":69,"column":2}}]},"13":{"line":72,"type":"if","locations":[{"start":{"line":72,"column":2},"end":{"line":72,"column":2}},{"start":{"line":72,"column":2},"end":{"line":72,"column":2}}]}},"code":["var util = require('./util');","var rpc = require('./rpc');","var conf = require('./conf');","","var querystring = require('querystring');","","exports.ImageView = ImageView;","exports.ImageInfo = ImageInfo;","exports.Exif = Exif;","exports.pfop = pfop;","","function ImageView(mode, width, height, quality, format) {","  this.mode = mode || 1;","  this.width = width || 0;","  this.height = height || 0;","  this.quality = quality || 0;","  this.format = format || null;","}","","ImageView.prototype.makeRequest = function(url) {","  url += '?imageView2/' + this.mode;","","  if (this.width > 0) {","    url += '/w/' + this.width;","  }","","  if (this.height > 0) {","    url += '/h/' + this.height;","  }","","  if (this.quality > 0) {","    url += '/q/' + this.quality;","  }","","  if (this.format) {","    url += '/format/' + this.format;","  }","","  return url;","}","","function ImageInfo() {}","","ImageInfo.prototype.makeRequest = function(url) {","  return url + '?imageInfo'","}","","function Exif() {}","","Exif.prototype.makeRequest = function(url) {","  return url + '?exif'","}","","","function pfop(bucket, key, fops, opts, onret) {","","  opts = opts || {};","","  param = {","    bucket: bucket,","    key: key,","    fops: fops","  };","  if (opts.notifyURL) {","    param.notifyURL = opts.notifyURL;","  } else {","    param.notifyURL = 'www.test.com';","  }","  if (opts.force) {","    param.force = 1;","  }","  if (opts.pipeline) {","    param.pipeline = opts.pipeline;","  }","","  var uri = conf.API_HOST + '/pfop/';","  var body = querystring.stringify(param);","  var auth = util.generateAccessToken(uri, body);","  rpc.postWithForm(uri, body, auth, onret);","}",""],"l":{"1":1,"2":1,"3":1,"5":1,"7":1,"8":1,"9":1,"10":1,"12":1,"13":0,"14":0,"15":0,"16":0,"17":0,"20":1,"21":0,"23":0,"24":0,"27":0,"28":0,"31":0,"32":0,"35":0,"36":0,"39":0,"42":1,"44":1,"45":0,"48":1,"50":1,"51":0,"55":1,"57":0,"59":0,"64":0,"65":0,"67":0,"69":0,"70":0,"72":0,"73":0,"76":0,"77":0,"78":0,"79":0}}}